{"numTotalTestSuites":19,"numPassedTestSuites":16,"numFailedTestSuites":3,"numPendingTestSuites":0,"numTotalTests":36,"numPassedTests":35,"numFailedTests":1,"numPendingTests":0,"numTodoTests":0,"snapshot":{"added":0,"failure":false,"filesAdded":0,"filesRemoved":0,"filesRemovedList":[],"filesUnmatched":0,"filesUpdated":0,"matched":0,"total":0,"unchecked":0,"uncheckedKeysByFile":[],"unmatched":0,"updated":0,"didUpdate":false},"startTime":1766239678939,"success":false,"testResults":[{"assertionResults":[{"ancestorTitles":["CustomerAnalytics","Rendering"],"fullName":"CustomerAnalytics Rendering should render customer-specific metrics","status":"passed","title":"should render customer-specific metrics","duration":60.69830000000002,"failureMessages":[],"location":{"line":52,"column":3},"meta":{}},{"ancestorTitles":["CustomerAnalytics","Rendering"],"fullName":"CustomerAnalytics Rendering should display customer order count","status":"passed","title":"should display customer order count","duration":17.781600000000253,"failureMessages":[],"location":{"line":62,"column":3},"meta":{}},{"ancestorTitles":["CustomerAnalytics","Rendering"],"fullName":"CustomerAnalytics Rendering should display customer quote count","status":"passed","title":"should display customer quote count","duration":13.402199999999993,"failureMessages":[],"location":{"line":74,"column":3},"meta":{}},{"ancestorTitles":["CustomerAnalytics","Rendering"],"fullName":"CustomerAnalytics Rendering should NOT display company-wide revenue (per PRD)","status":"passed","title":"should NOT display company-wide revenue (per PRD)","duration":11.736699999999928,"failureMessages":[],"location":{"line":85,"column":3},"meta":{}},{"ancestorTitles":["CustomerAnalytics","Rendering"],"fullName":"CustomerAnalytics Rendering should NOT display team performance (per PRD)","status":"passed","title":"should NOT display team performance (per PRD)","duration":14.880099999999857,"failureMessages":[],"location":{"line":97,"column":3},"meta":{}},{"ancestorTitles":["CustomerAnalytics","Loading State"],"fullName":"CustomerAnalytics Loading State should show loading indicators when isLoading is true","status":"passed","title":"should show loading indicators when isLoading is true","duration":2.113600000000133,"failureMessages":[],"location":{"line":112,"column":3},"meta":{}},{"ancestorTitles":["CustomerAnalytics","Empty State"],"fullName":"CustomerAnalytics Empty State should handle null summary gracefully","status":"passed","title":"should handle null summary gracefully","duration":4.17679999999973,"failureMessages":[],"location":{"line":123,"column":3},"meta":{}},{"ancestorTitles":["CustomerAnalytics","Empty State"],"fullName":"CustomerAnalytics Empty State should render fallback UI when summary is null","status":"failed","title":"should render fallback UI when summary is null","duration":8.28020000000015,"failureMessages":["TestingLibraryElementError: Found multiple elements with the text: /no data available/i\n\nHere are the matching elements:\n\nIgnored nodes: comments, script, style\n\u001b[36m<p\u001b[39m\n  \u001b[33mclass\u001b[39m=\u001b[32m\"text-xs text-base-content/50 mt-1\"\u001b[39m\n\u001b[36m>\u001b[39m\n  \u001b[0mNo data available\u001b[0m\n\u001b[36m</p>\u001b[39m\n\nIgnored nodes: comments, script, style\n\u001b[36m<p\u001b[39m\n  \u001b[33mclass\u001b[39m=\u001b[32m\"text-xs text-base-content/50 mt-1\"\u001b[39m\n\u001b[36m>\u001b[39m\n  \u001b[0mNo data available\u001b[0m\n\u001b[36m</p>\u001b[39m\n\nIgnored nodes: comments, script, style\n\u001b[36m<p\u001b[39m\n  \u001b[33mclass\u001b[39m=\u001b[32m\"text-xs text-base-content/50 mt-1\"\u001b[39m\n\u001b[36m>\u001b[39m\n  \u001b[0mNo data available\u001b[0m\n\u001b[36m</p>\u001b[39m\n\nIgnored nodes: comments, script, style\n\u001b[36m<p\u001b[39m\n  \u001b[33mclass\u001b[39m=\u001b[32m\"text-xs text-base-content/50 mt-1\"\u001b[39m\n\u001b[36m>\u001b[39m\n  \u001b[0mNo data available\u001b[0m\n\u001b[36m</p>\u001b[39m\n\n(If this is intentional, then use the `*AllBy*` variant of the query (like `queryAllByText`, `getAllByText`, or `findAllByText`)).\n\nIgnored nodes: comments, script, style\n\u001b[36m<body>\u001b[39m\n  \u001b[36m<div>\u001b[39m\n    \u001b[36m<section\u001b[39m\n      \u001b[33maria-labelledby\u001b[39m=\u001b[32m\"customer-kpi-heading\"\u001b[39m\n    \u001b[36m>\u001b[39m\n      \u001b[36m<h2\u001b[39m\n        \u001b[33mclass\u001b[39m=\u001b[32m\"sr-only\"\u001b[39m\n        \u001b[33mid\u001b[39m=\u001b[32m\"customer-kpi-heading\"\u001b[39m\n      \u001b[36m>\u001b[39m\n        \u001b[0mYour Key Metrics\u001b[0m\n      \u001b[36m</h2>\u001b[39m\n      \u001b[36m<div\u001b[39m\n        \u001b[33mclass\u001b[39m=\u001b[32m\"grid gap-4 md:grid-cols-2 lg:grid-cols-4\"\u001b[39m\n      \u001b[36m>\u001b[39m\n        \u001b[36m<div\u001b[39m\n          \u001b[33mclass\u001b[39m=\u001b[32m\"card bg-base-100 border border-base-300 shadow-lg hover:shadow-xl transition-all duration-200 \"\u001b[39m\n          \u001b[33mstyle\u001b[39m=\u001b[32m\"opacity: 0; transform: translateY(20px);\"\u001b[39m\n        \u001b[36m>\u001b[39m\n          \u001b[36m<div\u001b[39m\n            \u001b[33mclass\u001b[39m=\u001b[32m\"card-body p-5\"\u001b[39m\n          \u001b[36m>\u001b[39m\n            \u001b[36m<div\u001b[39m\n              \u001b[33mclass\u001b[39m=\u001b[32m\"flex items-start justify-between\"\u001b[39m\n            \u001b[36m>\u001b[39m\n              \u001b[36m<div\u001b[39m\n                \u001b[33mclass\u001b[39m=\u001b[32m\"flex-1\"\u001b[39m\n              \u001b[36m>\u001b[39m\n                \u001b[36m<p\u001b[39m\n                  \u001b[33mclass\u001b[39m=\u001b[32m\"text-sm font-medium text-base-content/60 uppercase tracking-wide\"\u001b[39m\n                \u001b[36m>\u001b[39m\n                  \u001b[0mTotal Spent\u001b[0m\n                \u001b[36m</p>\u001b[39m\n                \u001b[36m<p\u001b[39m\n                  \u001b[33mclass\u001b[39m=\u001b[32m\"text-3xl font-bold text-base-content mt-1\"\u001b[39m\n                \u001b[36m>\u001b[39m\n                  \u001b[0m$0\u001b[0m\n                \u001b[36m</p>\u001b[39m\n                \u001b[36m<p\u001b[39m\n                  \u001b[33mclass\u001b[39m=\u001b[32m\"text-xs text-base-content/50 mt-1\"\u001b[39m\n                \u001b[36m>\u001b[39m\n                  \u001b[0mNo data available\u001b[0m\n                \u001b[36m</p>\u001b[39m\n              \u001b[36m</div>\u001b[39m\n              \u001b[36m<div\u001b[39m\n                \u001b[33mclass\u001b[39m=\u001b[32m\"p-3 bg-success/10 rounded-xl\"\u001b[39m\n              \u001b[36m>\u001b[39m\n                \u001b[36m<svg\u001b[39m\n                  \u001b[33maria-hidden\u001b[39m=\u001b[32m\"true\"\u001b[39m\n                  \u001b[33mclass\u001b[39m=\u001b[32m\"lucide lucide-dollar-sign w-6 h-6 text-success\"\u001b[39m\n                  \u001b[33mfill\u001b[39m=\u001b[32m\"none\"\u001b[39m\n                  \u001b[33mheight\u001b[39m=\u001b[32m\"24\"\u001b[39m\n                  \u001b[33mstroke\u001b[39m=\u001b[32m\"currentColor\"\u001b[39m\n                  \u001b[33mstroke-linecap\u001b[39m=\u001b[32m\"round\"\u001b[39m\n                  \u001b[33mstroke-linejoin\u001b[39m=\u001b[32m\"round\"\u001b[39m\n                  \u001b[33mstroke-width\u001b[39m=\u001b[32m\"2\"\u001b[39m\n                  \u001b[33mviewBox\u001b[39m=\u001b[32m\"0 0 24 24\"\u001b[39m\n                  \u001b[33mwidth\u001b[39m=\u001b[32m\"24\"\u001b[39m\n                  \u001b[33mxmlns\u001b[39m=\u001b[32m\"http://www.w3.org/2000/svg\"\u001b[39m\n                \u001b[36m>\u001b[39m\n                  \u001b[36m<line\u001b[39m\n                    \u001b[33mx1\u001b[39m=\u001b[32m\"12\"\u001b[39m\n                    \u001b[33mx2\u001b[39m=\u001b[32m\"12\"\u001b[39m\n                    \u001b[33my1\u001b[39m=\u001b[32m\"2\"\u001b[39m\n                    \u001b[33my2\u001b[39m=\u001b[32m\"22\"\u001b[39m\n                  \u001b[36m/>\u001b[39m\n                  \u001b[36m<path\u001b[39m\n                    \u001b[33md\u001b[39m=\u001b[32m\"M17 5H9.5a3.5 3.5 0 0 0 0 7h5a3.5 3.5 0 0 1 0 7H6\"\u001b[39m\n                  \u001b[36m/>\u001b[39m\n                \u001b[36m</svg>\u001b[39m\n              \u001b[36m</div>\u001b[39m\n            \u001b[36m</div>\u001b[39m\n          \u001b[36m</div>\u001b[39m\n        \u001b[36m</div>\u001b[39m\n        \u001b[36m<div\u001b[39m\n          \u001b[33mclass\u001b[39m=\u001b[32m\"card bg-base-100 border border-base-300 shadow-lg hover:shadow-xl transition-all duration-200 \"\u001b[39m\n          \u001b[33mstyle\u001b[39m=\u001b[32m\"opacity: 0; transform: translateY(20px);\"\u001b[39m\n        \u001b[36m>\u001b[39m\n          \u001b[36m<div\u001b[39m\n            \u001b[33mclass\u001b[39m=\u001b[32m\"card-body p-5\"\u001b[39m\n          \u001b[36m>\u001b[39m\n            \u001b[36m<div\u001b[39m\n              \u001b[33mclass\u001b[39m=\u001b[32m\"flex items-start justify-between\"\u001b[39m\n            \u001b[36m>\u001b[39m\n              \u001b[36m<div\u001b[39m\n                \u001b[33mclass\u001b[39m=\u001b[32m\"flex-1\"\u001b[39m\n              \u001b[36m>\u001b[39m\n                \u001b[36m<p\u001b[39m\n                  \u001b[33mclass\u001b[39m=\u001b[32m\"text-sm font-medium text-base-content/60 uppercase tracking-wide\"\u001b[39m\n                \u001b[36m>\u001b[39m\n                  \u001b[0mTotal Orders\u001b[0m\n                \u001b[36m</p>\u001b[39m\n                \u001b[36m<p\u001b[39m\n                  \u001b[33mclass\u001b[39m=\u001b[32m\"text-3xl font-bold text-base-content mt-1\"\u001b[39m\n                \u001b[36m>\u001b[39m\n                  \u001b[0m0\u001b[0m\n                \u001b[36m</p>\u001b[39m\n                \u001b[36m<p\u001b[39m\n                  \u001b[33mclass\u001b[39m=\u001b[32m\"text-xs text-base-content/50 mt-1\"\u001b[39m\n                \u001b[36m>\u001b[39m\n                  \u001b[0mNo data available\u001b[0m\n                \u001b[36m</p>\u001b[39m\n              \u001b[36m</div>\u001b[39m\n              \u001b[36m<div\u001b[39m\n                \u001b[33mclass\u001b[39m=\u001b[32m\"p-3 bg-primary/10 rounded-xl\"\u001b[39m\n              \u001b[36m>\u001b[39m\n                \u001b[36m<svg\u001b[39m\n                  \u001b[33maria-hidden\u001b[39m=\u001b[32m\"true\"\u001b[39m\n                  \u001b[33mclass\u001b[39m=\u001b[32m\"lucide lucide-shopping-cart w-6 h-6 text-primary\"\u001b[39m\n                  \u001b[33mfill\u001b[39m=\u001b[32m\"none\"\u001b[39m\n                  \u001b[33mheight\u001b[39m=\u001b[32m\"24\"\u001b[39m\n                  \u001b[33mstroke\u001b[39m=\u001b[32m\"currentColor\"\u001b[39m\n                  \u001b[33mstroke-linecap\u001b[39m=\u001b[32m\"round\"\u001b[39m\n                  \u001b[33mstroke-linejoin\u001b[39m=\u001b[32m\"round\"\u001b[39m\n                  \u001b[33mstroke-width\u001b[39m=\u001b[32m\"2\"\u001b[39m\n                  \u001b[33mviewBox\u001b[39m=\u001b[32m\"0 0 24 24\"\u001b[39m\n                  \u001b[33mwidth\u001b[39m=\u001b[32m\"24\"\u001b[39m\n                  \u001b[33mxmlns\u001b[39m=\u001b[32m\"http://www.w3.org/2000/svg\"\u001b[39m\n                \u001b[36m>\u001b[39m\n                  \u001b[36m<circle\u001b[39m\n                    \u001b[33mcx\u001b[39m=\u001b[32m\"8\"\u001b[39m\n                    \u001b[33mcy\u001b[39m=\u001b[32m\"21\"\u001b[39m\n                    \u001b[33mr\u001b[39m=\u001b[32m\"1\"\u001b[39m\n                  \u001b[36m/>\u001b[39m\n                  \u001b[36m<circle\u001b[39m\n                    \u001b[33mcx\u001b[39m=\u001b[32m\"19\"\u001b[39m\n                    \u001b[33mcy\u001b[39m=\u001b[32m\"21\"\u001b[39m\n                    \u001b[33mr\u001b[39m=\u001b[32m\"1\"\u001b[39m\n                  \u001b[36m/>\u001b[39m\n                  \u001b[36m<path\u001b[39m\n                    \u001b[33md\u001b[39m=\u001b[32m\"M2.05 2.05h2l2.66 12.42a2 2 0 0 0 2 1.58h9.78a2 2 0 0 0 1.95-1.57l1.65-7.43H5.12\"\u001b[39m\n                  \u001b[36m/>\u001b[39m\n                \u001b[36m</svg>\u001b[39m\n              \u001b[36m</div>\u001b[39m\n            \u001b[36m</div>\u001b[39m\n          \u001b[36m</div>\u001b[39m\n        \u001b[36m</div>\u001b[39m\n        \u001b[36m<div\u001b[39m\n          \u001b[33mclass\u001b[39m=\u001b[32m\"card bg-base-100 border border-base-300 shadow-lg hover:shadow-xl transition-all duration-200 \"\u001b[39m\n          \u001b[33mstyle\u001b[39m=\u001b[32m\"opacity: 0; transform: translateY(20px);\"\u001b[39m\n        \u001b[36m>\u001b[39m\n          \u001b[36m<div\u001b[39m\n            \u001b[33mclass\u001b[39m=\u001b[32m\"card-body p-5\"\u001b[39m\n          \u001b[36m>\u001b[39m\n            \u001b[36m<div\u001b[39m\n              \u001b[33mclass\u001b[39m=\u001b[32m\"flex items-start justify-between\"\u001b[39m\n            \u001b[36m>\u001b[39m\n              \u001b[36m<div\u001b[39m\n                \u001b[33mclass\u001b[39m=\u001b[32m\"flex-1\"\u001b[39m\n              \u001b[36m>\u001b[39m\n                \u001b[36m<p\u001b[39m\n                  \u001b[33mclass\u001b[39m=\u001b[32m\"text-sm font-medium text-base-content/60 uppercase tracking-wide\"\u001b[39m\n                \u001b[36m>\u001b[39m\n                  \u001b[0mQuote Requests\u001b[0m\n                \u001b[36m</p>\u001b[39m\n                \u001b[36m<p\u001b[39m\n                  \u001b[33mclass\u001b[39m=\u001b[32m\"text-3xl font-bold text-base-content mt-1\"\u001b[39m\n                \u001b[36m>\u001b[39m\n                  \u001b[0m0\u001b[0m\n                \u001b[36m</p>\u001b[39m\n                \u001b[36m<p\u001b[39m\n                  \u001b[33mclass\u001b[39m=\u001b[32m\"text-xs text-base-content/50 mt-1\"\u001b[39m\n                \u001b[36m>\u001b[39m\n                  \u001b[0mNo data available\u001b[0m\n                \u001b[36m</p>\u001b[39m\n              \u001b[36m</div>\u001b[39m\n              \u001b[36m<div\u001b[39m\n                \u001b[33mclass\u001b[39m=\u001b[32m\"p-3 bg-primary/10 rounded-xl\"\u001b[39m\n              \u001b[36m>\u001b[39m\n                \u001b[36m<svg\u001b[39m\n                  \u001b[33maria-hidden\u001b[39m=\u001b[32m\"true\"\u001b[39m\n                  \u001b[33mclass\u001b[39m=\u001b[32m\"lucide lucide-file-text w-6 h-6 text-primary\"\u001b[39m\n                  \u001b[33mfill\u001b[39m=\u001b[32m\"none\"\u001b[39m\n                  \u001b[33mheight\u001b[39m=\u001b[32m\"24\"\u001b[39m\n                  \u001b[33mstroke\u001b[39m=\u001b[32m\"currentColor\"\u001b[39m\n                  \u001b[33mstroke-linecap\u001b[39m=\u001b[32m\"round\"\u001b[39m\n                  \u001b[33mstroke-linejoin\u001b[39m=\u001b[32m\"round\"\u001b[39m\n                  \u001b[33mstroke-width\u001b[39m=\u001b[32m\"2\"\u001b[39m\n                  \u001b[33mviewBox\u001b[39m=\u001b[32m\"0 0 24 24\"\u001b[39m\n                  \u001b[33mwidth\u001b[39m=\u001b[32m\"24\"\u001b[39m\n                  \u001b[33mxmlns\u001b[39m=\u001b[32m\"http://www.w3.org/2000/svg\"\u001b[39m\n                \u001b[36m>\u001b[39m\n                  \u001b[36m<path\u001b[39m\n                    \u001b[33md\u001b[39m=\u001b[32m\"M6 22a2 2 0 0 1-2-2V4a2 2 0 0 1 2-2h8a2.4 2.4 0 0 1 1.704.706l3.588 3.588A2.4 2.4 0 0 1 20 8v12a2 2 0 0 1-2 2z\"\u001b[39m\n                  \u001b[36m/>\u001b[39m\n                  \u001b[36m<path\u001b[39m\n                    \u001b[33md\u001b[39m=\u001b[32m\"M14 2v5a1 1 0 0 0 1 1h5\"\u001b[39m\n                  \u001b[36m/>\u001b[39m\n                  \u001b[36m<path\u001b[39m\n                    \u001b[33md\u001b[39m=\u001b[32m\"M10 9H8\"\u001b[39m\n                  \u001b[36m/>\u001b[39m\n                  \u001b[36m<path\u001b[39m\n                    \u001b[33md\u001b[39m=\u001b[32m\"M16 13H8\"\u001b[39m\n                  \u001b[36m/>\u001b[39m\n                  \u001b[36m<path\u001b[39m\n                    \u001b[33md\u001b[39m=\u001b[32m\"M16 17H8\"\u001b[39m\n                  \u001b[36m/>\u001b[39m\n                \u001b[36m</svg>\u001b[39m\n              \u001b[36m</div>\u001b[39m\n            \u001b[36m</div>\u001b[39m\n          \u001b[36m</div>\u001b[39m\n        \u001b[36m</div>\u001b[39m\n        \u001b[36m<div\u001b[39m\n          \u001b[33mclass\u001b[39m=\u001b[32m\"card bg-base-100 border border-base-300 shadow-lg hover:shadow-xl transition-all duration-200 \"\u001b[39m\n          \u001b[33mstyle\u001b[39m=\u001b[32m\"opacity: 0; transform: translateY(20px);\"\u001b[39m\n        \u001b[36m>\u001b[39m\n          \u001b[36m<div\u001b[39m\n            \u001b[33mclass\u001b[39m=\u001b[32m\"card-body p-5\"\u001b[39m\n          \u001b[36m>\u001b[39m\n            \u001b[36m<div\u001b[39m\n              \u001b[33mclass\u001b[39m=\u001b[32m\"flex items-start justify-between\"\u001b[39m\n            \u001b[36m>\u001b[39m\n              \u001b[36m<div\u001b[39m\n                \u001b[33mclass\u001b[39m=\u001b[32m\"flex-1\"\u001b[39m\n              \u001b[36m>\u001b[39m\n                \u001b[36m<p\u001b[39m\n                  \u001b[33mclass\u001b[39m=\u001b[32m\"text-sm font-medium text-base-content/60 uppercase tracking-wide\"\u001b[39m\n                \u001b[36m>\u001b[39m\n                  \u001b[0mAvg Order Value\u001b[0m\n                \u001b[36m</p>\u001b[39m\n                \u001b[36m<p\u001b[39m\n                  \u001b[33mclass\u001b[39m=\u001b[32m\"text-3xl font-bold text-base-content mt-1\"\u001b[39m\n                \u001b[36m>\u001b[39m\n                  \u001b[0m$0\u001b[0m\n                \u001b[36m</p>\u001b[39m\n                \u001b[36m<p\u001b[39m\n                  \u001b[33mclass\u001b[39m=\u001b[32m\"text-xs text-base-content/50 mt-1\"\u001b[39m\n                \u001b[36m>\u001b[39m\n                  \u001b[0mNo data available\u001b[0m\n                \u001b[36m</p>\u001b[39m\n              \u001b[36m</div>\u001b[39m\n              \u001b[36m<div\u001b[39m\n                \u001b[33mclass\u001b[39m=\u001b[32m\"p-3 bg-primary/10 rounded-xl\"\u001b[39m\n              \u001b[36m>\u001b[39m\n                \u001b[36m<svg\u001b[39m\n                  \u001b[33maria-hidden\u001b[39m=\u001b[32m\"true\"\u001b[39m\n                  \u001b[33mclass\u001b[39m=\u001b[32m\"lucide lucide-package w-6 h-6 text-primary\"\u001b[39m\n                  \u001b[33mfill\u001b[39m=\u001b[32m\"none\"\u001b[39m\n                  \u001b[33mheight\u001b[39m=\u001b[32m\"24\"\u001b[39m\n                  \u001b[33mstroke\u001b[39m=\u001b[32m\"currentColor\"\u001b[39m\n                  \u001b[33mstroke-linecap\u001b[39m=\u001b[32m\"round\"\u001b[39m\n                  \u001b[33mstroke-linejoin\u001b[39m=\u001b[32m\"round\"\u001b[39m\n                  \u001b[33mstroke-width\u001b[39m=\u001b[32m\"2\"\u001b[39m\n                  \u001b[33mviewBox\u001b[39m=\u001b[32m\"0 0 24 24\"\u001b[39m\n                  \u001b[33mwidth\u001b[39m=\u001b[32m\"24\"\u001b[39m\n                  \u001b[33mxmlns\u001b[39m=\u001b[32m\"http://www.w3.org/2000/svg\"\u001b[39m\n                \u001b[36m>\u001b[39m\n                  \u001b[36m<path\u001b[39m\n                    \u001b[33md\u001b[39m=\u001b[32m\"M11 21.73a2 2 0 0 0 2 0l7-4A2 2 0 0 0 21 16V8a2 2 0 0 0-1-1.73l-7-4a2 2 0 0 0-2 0l-7 4A2 2 0 0 0 3 8v8a2 2 0 0 0 1 1.73z\"\u001b[39m\n                  \u001b[36m/>\u001b[39m\n                  \u001b[36m<path\u001b[39m\n                    \u001b[33md\u001b[39m=\u001b[32m\"M12 22V12\"\u001b[39m\n                  \u001b[36m/>\u001b[39m\n                  \u001b[36m<polyline\u001b[39m\n                    \u001b[33mpoints\u001b[39m=\u001b[32m\"3.29 7 12 12 20.71 7\"\u001b[39m\n                  \u001b[36m/>\u001b[39m\n                  \u001b[36m<path\u001b[39m\n                    \u001b[33md\u001b[39m=\u001b[32m\"m7.5 4.27 9 5.15\"\u001b[39m\n                  \u001b[36m/>\u001b[39m\n                \u001b[36m</svg>\u001b[39m\n              \u001b[36m</div>\u001b[39m\n            \u001b[36m</div>\u001b[39m\n          \u001b[36m</div>\u001b[39m\n        \u001b[36m</div>\u001b[39m\n      \u001b[36m</div>\u001b[39m\n    \u001b[36m</section>\u001b[39m\n  \u001b[36m</div>\u001b[39m\n\u001b[36m</body>\u001b[39m\n    at Object.getElementError (C:\\Users\\josep\\Documents\\GitHub\\MedSource Pro\\client\\node_modules\\@testing-library\\dom\\dist\\config.js:37:19)\n    at getElementError (C:\\Users\\josep\\Documents\\GitHub\\MedSource Pro\\client\\node_modules\\@testing-library\\dom\\dist\\query-helpers.js:20:35)\n    at getMultipleElementsFoundError (C:\\Users\\josep\\Documents\\GitHub\\MedSource Pro\\client\\node_modules\\@testing-library\\dom\\dist\\query-helpers.js:23:10)\n    at C:\\Users\\josep\\Documents\\GitHub\\MedSource Pro\\client\\node_modules\\@testing-library\\dom\\dist\\query-helpers.js:55:13\n    at C:\\Users\\josep\\Documents\\GitHub\\MedSource Pro\\client\\node_modules\\@testing-library\\dom\\dist\\query-helpers.js:95:19\n    at C:/Users/josep/Documents/GitHub/MedSource Pro/client/app/__tests__/analytics/components/AnalyticsViews.test.tsx:137:18\n    at file:///C:/Users/josep/Documents/GitHub/MedSource%20Pro/client/node_modules/@vitest/runner/dist/index.js:145:11\n    at file:///C:/Users/josep/Documents/GitHub/MedSource%20Pro/client/node_modules/@vitest/runner/dist/index.js:915:26\n    at file:///C:/Users/josep/Documents/GitHub/MedSource%20Pro/client/node_modules/@vitest/runner/dist/index.js:1240:20\n    at new Promise (<anonymous>)"],"location":{"line":132,"column":3},"meta":{}},{"ancestorTitles":["CustomerAnalytics","Empty State"],"fullName":"CustomerAnalytics Empty State should handle empty summary object","status":"passed","title":"should handle empty summary object","duration":4.231999999999971,"failureMessages":[],"location":{"line":140,"column":3},"meta":{}},{"ancestorTitles":["CustomerAnalytics","Empty State"],"fullName":"CustomerAnalytics Empty State should handle zero values","status":"passed","title":"should handle zero values","duration":11.980000000000018,"failureMessages":[],"location":{"line":148,"column":3},"meta":{}},{"ancestorTitles":["SalesRepAnalytics","Personal Metrics (Per PRD US-ANA-001)"],"fullName":"SalesRepAnalytics Personal Metrics (Per PRD US-ANA-001) should display personal conversion rate","status":"passed","title":"should display personal conversion rate","duration":11.920500000000175,"failureMessages":[],"location":{"line":174,"column":3},"meta":{}},{"ancestorTitles":["SalesRepAnalytics","Personal Metrics (Per PRD US-ANA-001)"],"fullName":"SalesRepAnalytics Personal Metrics (Per PRD US-ANA-001) should display personal revenue","status":"passed","title":"should display personal revenue","duration":11.713000000000193,"failureMessages":[],"location":{"line":188,"column":3},"meta":{}},{"ancestorTitles":["SalesRepAnalytics","Team Comparison (Per PRD - Anonymized)"],"fullName":"SalesRepAnalytics Team Comparison (Per PRD - Anonymized) should display comparison to team average","status":"passed","title":"should display comparison to team average","duration":9.78590000000031,"failureMessages":[],"location":{"line":204,"column":3},"meta":{}},{"ancestorTitles":["SalesRepAnalytics","Team Comparison (Per PRD - Anonymized)"],"fullName":"SalesRepAnalytics Team Comparison (Per PRD - Anonymized) should display team average conversion rate","status":"passed","title":"should display team average conversion rate","duration":9.786800000000312,"failureMessages":[],"location":{"line":220,"column":3},"meta":{}},{"ancestorTitles":["SalesRepAnalytics","Team Comparison (Per PRD - Anonymized)"],"fullName":"SalesRepAnalytics Team Comparison (Per PRD - Anonymized) should NOT display individual teammate names (per PRD)","status":"passed","title":"should NOT display individual teammate names (per PRD)","duration":13.289299999999912,"failureMessages":[],"location":{"line":231,"column":3},"meta":{}},{"ancestorTitles":["SalesRepAnalytics","Team Comparison (Per PRD - Anonymized)"],"fullName":"SalesRepAnalytics Team Comparison (Per PRD - Anonymized) should NOT display company-wide revenue details (per PRD)","status":"passed","title":"should NOT display company-wide revenue details (per PRD)","duration":9.933600000000297,"failureMessages":[],"location":{"line":244,"column":3},"meta":{}},{"ancestorTitles":["SalesRepAnalytics","Below/Above Average Indication"],"fullName":"SalesRepAnalytics Below/Above Average Indication should indicate when above team average","status":"passed","title":"should indicate when above team average","duration":13.097700000000259,"failureMessages":[],"location":{"line":258,"column":3},"meta":{}},{"ancestorTitles":["SalesRepAnalytics","Below/Above Average Indication"],"fullName":"SalesRepAnalytics Below/Above Average Indication should indicate when below team average","status":"passed","title":"should indicate when below team average","duration":9.7808,"failureMessages":[],"location":{"line":273,"column":3},"meta":{}},{"ancestorTitles":["ManagerAnalytics","Team Performance Metrics (Per PRD US-ANA-002)"],"fullName":"ManagerAnalytics Team Performance Metrics (Per PRD US-ANA-002) should display all team members","status":"passed","title":"should display all team members","duration":25.061999999999898,"failureMessages":[],"location":{"line":306,"column":3},"meta":{}},{"ancestorTitles":["ManagerAnalytics","Team Performance Metrics (Per PRD US-ANA-002)"],"fullName":"ManagerAnalytics Team Performance Metrics (Per PRD US-ANA-002) should display individual rep metrics","status":"passed","title":"should display individual rep metrics","duration":29.5942,"failureMessages":[],"location":{"line":323,"column":3},"meta":{}},{"ancestorTitles":["ManagerAnalytics","Team Performance Metrics (Per PRD US-ANA-002)"],"fullName":"ManagerAnalytics Team Performance Metrics (Per PRD US-ANA-002) should flag below average performers (per PRD)","status":"passed","title":"should flag below average performers (per PRD)","duration":18.974800000000414,"failureMessages":[],"location":{"line":342,"column":3},"meta":{}},{"ancestorTitles":["ManagerAnalytics","Revenue Charts (Per PRD US-ANA-003)"],"fullName":"ManagerAnalytics Revenue Charts (Per PRD US-ANA-003) should display revenue chart","status":"passed","title":"should display revenue chart","duration":15.644600000000082,"failureMessages":[],"location":{"line":366,"column":3},"meta":{}},{"ancestorTitles":["ManagerAnalytics","Revenue Charts (Per PRD US-ANA-003)"],"fullName":"ManagerAnalytics Revenue Charts (Per PRD US-ANA-003) should show revenue growth","status":"passed","title":"should show revenue growth","duration":19.847299999999905,"failureMessages":[],"location":{"line":382,"column":3},"meta":{}},{"ancestorTitles":["ManagerAnalytics","Company-Wide Metrics"],"fullName":"ManagerAnalytics Company-Wide Metrics should display total company revenue","status":"passed","title":"should display total company revenue","duration":19.9703999999997,"failureMessages":[],"location":{"line":405,"column":3},"meta":{}},{"ancestorTitles":["ManagerAnalytics","Company-Wide Metrics"],"fullName":"ManagerAnalytics Company-Wide Metrics should display total orders","status":"passed","title":"should display total orders","duration":19.570200000000114,"failureMessages":[],"location":{"line":426,"column":3},"meta":{}},{"ancestorTitles":["ManagerAnalytics","Company-Wide Metrics"],"fullName":"ManagerAnalytics Company-Wide Metrics should display overall conversion rate","status":"passed","title":"should display overall conversion rate","duration":18.52930000000015,"failureMessages":[],"location":{"line":443,"column":3},"meta":{}},{"ancestorTitles":["ManagerAnalytics","Loading States"],"fullName":"ManagerAnalytics Loading States should handle summary loading","status":"passed","title":"should handle summary loading","duration":13.036399999999958,"failureMessages":[],"location":{"line":465,"column":3},"meta":{}},{"ancestorTitles":["ManagerAnalytics","Loading States"],"fullName":"ManagerAnalytics Loading States should handle team data loading","status":"passed","title":"should handle team data loading","duration":15.313799999999901,"failureMessages":[],"location":{"line":480,"column":3},"meta":{}},{"ancestorTitles":["ManagerAnalytics","Loading States"],"fullName":"ManagerAnalytics Loading States should handle revenue data loading","status":"passed","title":"should handle revenue data loading","duration":12.650899999999638,"failureMessages":[],"location":{"line":495,"column":3},"meta":{}},{"ancestorTitles":["ManagerAnalytics","Edge Cases"],"fullName":"ManagerAnalytics Edge Cases should handle empty team","status":"passed","title":"should handle empty team","duration":16.03630000000021,"failureMessages":[],"location":{"line":512,"column":3},"meta":{}},{"ancestorTitles":["ManagerAnalytics","Edge Cases"],"fullName":"ManagerAnalytics Edge Cases should handle empty team data","status":"passed","title":"should handle empty team data","duration":17.60689999999977,"failureMessages":[],"location":{"line":527,"column":3},"meta":{}},{"ancestorTitles":["ManagerAnalytics","Edge Cases"],"fullName":"ManagerAnalytics Edge Cases should handle empty revenue data","status":"passed","title":"should handle empty revenue data","duration":19.974099999999908,"failureMessages":[],"location":{"line":542,"column":3},"meta":{}},{"ancestorTitles":["Analytics State Components","AnalyticsLoadingState"],"fullName":"Analytics State Components AnalyticsLoadingState should render loading indicator","status":"passed","title":"should render loading indicator","duration":3.7231000000001586,"failureMessages":[],"location":{"line":565,"column":3},"meta":{}},{"ancestorTitles":["Analytics State Components","AnalyticsEmptyState"],"fullName":"Analytics State Components AnalyticsEmptyState should render empty state message","status":"passed","title":"should render empty state message","duration":10.47629999999981,"failureMessages":[],"location":{"line":578,"column":3},"meta":{}},{"ancestorTitles":["Analytics State Components","AnalyticsErrorState"],"fullName":"Analytics State Components AnalyticsErrorState should render error message","status":"passed","title":"should render error message","duration":24.656999999999698,"failureMessages":[],"location":{"line":591,"column":3},"meta":{}},{"ancestorTitles":["Analytics State Components","AnalyticsErrorState"],"fullName":"Analytics State Components AnalyticsErrorState should call retry function when retry button clicked","status":"passed","title":"should call retry function when retry button clicked","duration":65.3148000000001,"failureMessages":[],"location":{"line":603,"column":3},"meta":{}}],"startTime":1766239680592,"endTime":1766239681197.3147,"status":"failed","message":"","name":"C:/Users/josep/Documents/GitHub/MedSource Pro/client/app/__tests__/analytics/components/AnalyticsViews.test.tsx"}]}