{"numTotalTestSuites":593,"numPassedTestSuites":590,"numFailedTestSuites":0,"numPendingTestSuites":3,"numTotalTests":1517,"numPassedTests":1494,"numFailedTests":0,"numPendingTests":1,"numTodoTests":0,"snapshot":{"added":0,"failure":false,"filesAdded":0,"filesRemoved":0,"filesRemovedList":[],"filesUnmatched":0,"filesUpdated":0,"matched":0,"total":0,"unchecked":0,"uncheckedKeysByFile":[],"unmatched":0,"updated":0,"didUpdate":false},"startTime":1766240611463,"success":true,"testResults":[{"assertionResults":[{"ancestorTitles":["Logger Module","Placeholder"],"fullName":"Logger Module Placeholder should be implemented when logger module is complete","status":"passed","title":"should be implemented when logger module is complete","duration":1.3425999999999476,"failureMessages":[],"location":{"line":14,"column":5},"meta":{}}],"startTime":1766240617862,"endTime":1766240617863.3425,"status":"passed","message":"","name":"C:/Users/josep/Documents/GitHub/MedSource Pro/client/app/_core/logger/logger.test.ts"},{"assertionResults":[{"ancestorTitles":["RBAC Constants - RoleLevels","Value Validation (per medsource_prd_system.md)"],"fullName":"RBAC Constants - RoleLevels Value Validation (per medsource_prd_system.md) Customer should be 100 (lowest level)","status":"passed","title":"Customer should be 100 (lowest level)","duration":1.084100000000035,"failureMessages":[],"location":{"line":48,"column":5},"meta":{}},{"ancestorTitles":["RBAC Constants - RoleLevels","Value Validation (per medsource_prd_system.md)"],"fullName":"RBAC Constants - RoleLevels Value Validation (per medsource_prd_system.md) FulfillmentCoordinator should be 200 (below SalesRep per PRD)","status":"passed","title":"FulfillmentCoordinator should be 200 (below SalesRep per PRD)","duration":0.2687999999998283,"failureMessages":[],"location":{"line":52,"column":5},"meta":{}},{"ancestorTitles":["RBAC Constants - RoleLevels","Value Validation (per medsource_prd_system.md)"],"fullName":"RBAC Constants - RoleLevels Value Validation (per medsource_prd_system.md) SalesRep should be 300","status":"passed","title":"SalesRep should be 300","duration":0.12799999999970169,"failureMessages":[],"location":{"line":58,"column":5},"meta":{}},{"ancestorTitles":["RBAC Constants - RoleLevels","Value Validation (per medsource_prd_system.md)"],"fullName":"RBAC Constants - RoleLevels Value Validation (per medsource_prd_system.md) SalesManager should be 400","status":"passed","title":"SalesManager should be 400","duration":0.3294999999998254,"failureMessages":[],"location":{"line":62,"column":5},"meta":{}},{"ancestorTitles":["RBAC Constants - RoleLevels","Value Validation (per medsource_prd_system.md)"],"fullName":"RBAC Constants - RoleLevels Value Validation (per medsource_prd_system.md) Admin should be 500 (highest level)","status":"passed","title":"Admin should be 500 (highest level)","duration":0.2434000000002925,"failureMessages":[],"location":{"line":66,"column":5},"meta":{}},{"ancestorTitles":["RBAC Constants - RoleLevels","Hierarchy Ordering"],"fullName":"RBAC Constants - RoleLevels Hierarchy Ordering roles should be ordered correctly in hierarchy (per PRD medsource_prd_system.md)","status":"passed","title":"roles should be ordered correctly in hierarchy (per PRD medsource_prd_system.md)","duration":0.16640000000006694,"failureMessages":[],"location":{"line":72,"column":5},"meta":{}},{"ancestorTitles":["RBAC Constants - RoleLevels","Hierarchy Ordering"],"fullName":"RBAC Constants - RoleLevels Hierarchy Ordering Admin should be higher than all other roles","status":"passed","title":"Admin should be higher than all other roles","duration":0.10989999999947031,"failureMessages":[],"location":{"line":80,"column":5},"meta":{}},{"ancestorTitles":["RBAC Constants - RoleLevels","Type Safety"],"fullName":"RBAC Constants - RoleLevels Type Safety should be const object (immutable)","status":"passed","title":"should be const object (immutable)","duration":0.275300000000243,"failureMessages":[],"location":{"line":94,"column":5},"meta":{}},{"ancestorTitles":["RBAC Constants - RoleNames"],"fullName":"RBAC Constants - RoleNames should have correct string values","status":"passed","title":"should have correct string values","duration":0.28839999999945576,"failureMessages":[],"location":{"line":113,"column":3},"meta":{}},{"ancestorTitles":["RBAC Constants - RoleNames"],"fullName":"RBAC Constants - RoleNames should use snake_case format (API convention)","status":"passed","title":"should use snake_case format (API convention)","duration":0.29790000000048167,"failureMessages":[],"location":{"line":121,"column":3},"meta":{}},{"ancestorTitles":["RBAC Constants - RoleDisplayNames"],"fullName":"RBAC Constants - RoleDisplayNames should have display names for all role levels","status":"passed","title":"should have display names for all role levels","duration":0.15580000000045402,"failureMessages":[],"location":{"line":136,"column":3},"meta":{}},{"ancestorTitles":["RBAC Constants - RoleDisplayNames"],"fullName":"RBAC Constants - RoleDisplayNames should have human-readable format (Title Case)","status":"passed","title":"should have human-readable format (Title Case)","duration":0.12459999999919091,"failureMessages":[],"location":{"line":144,"column":3},"meta":{}},{"ancestorTitles":["RBAC Constants - RoleDisplayNames"],"fullName":"RBAC Constants - RoleDisplayNames should be defined for all role levels","status":"passed","title":"should be defined for all role levels","duration":0.17810000000008586,"failureMessages":[],"location":{"line":153,"column":3},"meta":{}},{"ancestorTitles":["RBAC Constants - Resources"],"fullName":"RBAC Constants - Resources should have all expected resources","status":"passed","title":"should have all expected resources","duration":0.21819999999934225,"failureMessages":[],"location":{"line":168,"column":3},"meta":{}},{"ancestorTitles":["RBAC Constants - Resources"],"fullName":"RBAC Constants - Resources should use lowercase format (API convention)","status":"passed","title":"should use lowercase format (API convention)","duration":0.21270000000004075,"failureMessages":[],"location":{"line":180,"column":3},"meta":{}},{"ancestorTitles":["RBAC Constants - Resources"],"fullName":"RBAC Constants - Resources should have at least 8 resources (comprehensive coverage)","status":"passed","title":"should have at least 8 resources (comprehensive coverage)","duration":0.16899999999986903,"failureMessages":[],"location":{"line":188,"column":3},"meta":{}},{"ancestorTitles":["RBAC Constants - Actions"],"fullName":"RBAC Constants - Actions should have all CRUD actions","status":"passed","title":"should have all CRUD actions","duration":0.19979999999941356,"failureMessages":[],"location":{"line":199,"column":3},"meta":{}},{"ancestorTitles":["RBAC Constants - Actions"],"fullName":"RBAC Constants - Actions should have workflow actions","status":"passed","title":"should have workflow actions","duration":0.16089999999985594,"failureMessages":[],"location":{"line":206,"column":3},"meta":{}},{"ancestorTitles":["RBAC Constants - Actions"],"fullName":"RBAC Constants - Actions should have domain-specific actions","status":"passed","title":"should have domain-specific actions","duration":0.13060000000041327,"failureMessages":[],"location":{"line":213,"column":3},"meta":{}},{"ancestorTitles":["RBAC Constants - Actions"],"fullName":"RBAC Constants - Actions should use snake_case format for multi-word actions","status":"passed","title":"should use snake_case format for multi-word actions","duration":0.12120000000049913,"failureMessages":[],"location":{"line":219,"column":3},"meta":{}},{"ancestorTitles":["RBAC Constants - Contexts"],"fullName":"RBAC Constants - Contexts should have all context levels","status":"passed","title":"should have all context levels","duration":0.12809999999990396,"failureMessages":[],"location":{"line":230,"column":3},"meta":{}},{"ancestorTitles":["RBAC Constants - Contexts"],"fullName":"RBAC Constants - Contexts should represent hierarchy from narrow to wide","status":"passed","title":"should represent hierarchy from narrow to wide","duration":0.8338000000003376,"failureMessages":[],"location":{"line":237,"column":3},"meta":{}},{"ancestorTitles":["RBAC Helper Functions","hasMinimumRole()"],"fullName":"RBAC Helper Functions hasMinimumRole() should return true when user meets minimum role","status":"passed","title":"should return true when user meets minimum role","duration":0.19020000000000437,"failureMessages":[],"location":{"line":250,"column":5},"meta":{}},{"ancestorTitles":["RBAC Helper Functions","hasMinimumRole()"],"fullName":"RBAC Helper Functions hasMinimumRole() should return false when user is below minimum role","status":"passed","title":"should return false when user is below minimum role","duration":0.11740000000008877,"failureMessages":[],"location":{"line":256,"column":5},"meta":{}},{"ancestorTitles":["RBAC Helper Functions","hasMinimumRole()"],"fullName":"RBAC Helper Functions hasMinimumRole() should return false for undefined role level","status":"passed","title":"should return false for undefined role level","duration":0.10980000000017753,"failureMessages":[],"location":{"line":261,"column":5},"meta":{}},{"ancestorTitles":["RBAC Helper Functions","hasMinimumRole()"],"fullName":"RBAC Helper Functions hasMinimumRole() should handle exact role match","status":"passed","title":"should handle exact role match","duration":0.11009999999987485,"failureMessages":[],"location":{"line":266,"column":5},"meta":{}},{"ancestorTitles":["RBAC Helper Functions","hasMinimumRole()"],"fullName":"RBAC Helper Functions hasMinimumRole() should handle edge case of role level below minimum","status":"passed","title":"should handle edge case of role level below minimum","duration":0.10140000000046712,"failureMessages":[],"location":{"line":271,"column":5},"meta":{}},{"ancestorTitles":["RBAC Helper Functions","isAdmin()"],"fullName":"RBAC Helper Functions isAdmin() should return true for Admin role","status":"passed","title":"should return true for Admin role","duration":0.09619999999995343,"failureMessages":[],"location":{"line":278,"column":5},"meta":{}},{"ancestorTitles":["RBAC Helper Functions","isAdmin()"],"fullName":"RBAC Helper Functions isAdmin() should return false for non-Admin roles","status":"passed","title":"should return false for non-Admin roles","duration":0.11409999999978027,"failureMessages":[],"location":{"line":282,"column":5},"meta":{}},{"ancestorTitles":["RBAC Helper Functions","isAdmin()"],"fullName":"RBAC Helper Functions isAdmin() should return false for undefined","status":"passed","title":"should return false for undefined","duration":0.0713000000005195,"failureMessages":[],"location":{"line":289,"column":5},"meta":{}},{"ancestorTitles":["RBAC Helper Functions","isAdmin()"],"fullName":"RBAC Helper Functions isAdmin() should return true for role level higher than Admin","status":"passed","title":"should return true for role level higher than Admin","duration":0.0658000000003085,"failureMessages":[],"location":{"line":293,"column":5},"meta":{}},{"ancestorTitles":["RBAC Helper Functions","isSalesManagerOrAbove()"],"fullName":"RBAC Helper Functions isSalesManagerOrAbove() should return true for SalesManager and above","status":"passed","title":"should return true for SalesManager and above","duration":0.37039999999979045,"failureMessages":[],"location":{"line":300,"column":5},"meta":{}},{"ancestorTitles":["RBAC Helper Functions","isSalesManagerOrAbove()"],"fullName":"RBAC Helper Functions isSalesManagerOrAbove() should return false for below SalesManager (includes Fulfillment per PRD)","status":"passed","title":"should return false for below SalesManager (includes Fulfillment per PRD)","duration":0.170999999999367,"failureMessages":[],"location":{"line":305,"column":5},"meta":{}},{"ancestorTitles":["RBAC Helper Functions","isSalesManagerOrAbove()"],"fullName":"RBAC Helper Functions isSalesManagerOrAbove() should return false for undefined","status":"passed","title":"should return false for undefined","duration":0.0863999999992302,"failureMessages":[],"location":{"line":312,"column":5},"meta":{}},{"ancestorTitles":["RBAC Helper Functions","isSalesRepOrAbove()"],"fullName":"RBAC Helper Functions isSalesRepOrAbove() should return true for SalesRep and above","status":"passed","title":"should return true for SalesRep and above","duration":0.13439999999991414,"failureMessages":[],"location":{"line":318,"column":5},"meta":{}},{"ancestorTitles":["RBAC Helper Functions","isSalesRepOrAbove()"],"fullName":"RBAC Helper Functions isSalesRepOrAbove() should return false for below SalesRep (includes Customer and Fulfillment per PRD)","status":"passed","title":"should return false for below SalesRep (includes Customer and Fulfillment per PRD)","duration":0.08410000000003492,"failureMessages":[],"location":{"line":324,"column":5},"meta":{}},{"ancestorTitles":["RBAC Helper Functions","isSalesRepOrAbove()"],"fullName":"RBAC Helper Functions isSalesRepOrAbove() should return false for undefined","status":"passed","title":"should return false for undefined","duration":0.06390000000010332,"failureMessages":[],"location":{"line":330,"column":5},"meta":{}},{"ancestorTitles":["RBAC Helper Functions","isCustomer()"],"fullName":"RBAC Helper Functions isCustomer() should return true only for Customer role","status":"passed","title":"should return true only for Customer role","duration":0.10059999999975844,"failureMessages":[],"location":{"line":336,"column":5},"meta":{}},{"ancestorTitles":["RBAC Helper Functions","isCustomer()"],"fullName":"RBAC Helper Functions isCustomer() should return false for all other roles","status":"passed","title":"should return false for all other roles","duration":0.11050000000068394,"failureMessages":[],"location":{"line":340,"column":5},"meta":{}},{"ancestorTitles":["RBAC Helper Functions","isCustomer()"],"fullName":"RBAC Helper Functions isCustomer() should return false for undefined","status":"passed","title":"should return false for undefined","duration":0.06490000000030705,"failureMessages":[],"location":{"line":347,"column":5},"meta":{}},{"ancestorTitles":["RBAC Helper Functions","getRoleDisplayName()"],"fullName":"RBAC Helper Functions getRoleDisplayName() should return correct display names","status":"passed","title":"should return correct display names","duration":0.15170000000034634,"failureMessages":[],"location":{"line":353,"column":5},"meta":{}},{"ancestorTitles":["RBAC Helper Functions","getRoleDisplayName()"],"fullName":"RBAC Helper Functions getRoleDisplayName() should return \"Unknown\" for undefined","status":"passed","title":"should return \"Unknown\" for undefined","duration":0.10170000000016444,"failureMessages":[],"location":{"line":361,"column":5},"meta":{}},{"ancestorTitles":["RBAC Helper Functions","getRoleDisplayName()"],"fullName":"RBAC Helper Functions getRoleDisplayName() should return \"Unknown\" for invalid role level","status":"passed","title":"should return \"Unknown\" for invalid role level","duration":0.15819999999985157,"failureMessages":[],"location":{"line":365,"column":5},"meta":{}},{"ancestorTitles":["RBAC Helper Functions","buildPermission()"],"fullName":"RBAC Helper Functions buildPermission() should build permission without context","status":"passed","title":"should build permission without context","duration":0.18389999999999418,"failureMessages":[],"location":{"line":372,"column":5},"meta":{}},{"ancestorTitles":["RBAC Helper Functions","buildPermission()"],"fullName":"RBAC Helper Functions buildPermission() should build permission with context","status":"passed","title":"should build permission with context","duration":0.14309999999932188,"failureMessages":[],"location":{"line":378,"column":5},"meta":{}},{"ancestorTitles":["RBAC Helper Functions","buildPermission()"],"fullName":"RBAC Helper Functions buildPermission() should handle all resource/action combinations","status":"passed","title":"should handle all resource/action combinations","duration":1.2200000000002547,"failureMessages":[],"location":{"line":385,"column":5},"meta":{}},{"ancestorTitles":["RBAC Helper Functions","buildPermission()"],"fullName":"RBAC Helper Functions buildPermission() should handle all context combinations","status":"passed","title":"should handle all context combinations","duration":0.1944999999996071,"failureMessages":[],"location":{"line":397,"column":5},"meta":{}},{"ancestorTitles":["RBAC Type Safety"],"fullName":"RBAC Type Safety Permission type should match expected format","status":"passed","title":"Permission type should match expected format","duration":0.10009999999965657,"failureMessages":[],"location":{"line":413,"column":3},"meta":{}},{"ancestorTitles":["RBAC Type Safety"],"fullName":"RBAC Type Safety RoleLevel type should only allow valid values","status":"passed","title":"RoleLevel type should only allow valid values","duration":0.08560000000034051,"failureMessages":[],"location":{"line":427,"column":3},"meta":{}},{"ancestorTitles":["RBAC Type Safety"],"fullName":"RBAC Type Safety Resource type should only allow valid values","status":"passed","title":"Resource type should only allow valid values","duration":0.0852999999997337,"failureMessages":[],"location":{"line":440,"column":3},"meta":{}},{"ancestorTitles":["RBAC Type Safety"],"fullName":"RBAC Type Safety Action type should only allow valid values","status":"passed","title":"Action type should only allow valid values","duration":0.08539999999993597,"failureMessages":[],"location":{"line":456,"column":3},"meta":{}},{"ancestorTitles":["RBAC Type Safety"],"fullName":"RBAC Type Safety Context type should only allow valid values","status":"passed","title":"Context type should only allow valid values","duration":0.07840000000032887,"failureMessages":[],"location":{"line":474,"column":3},"meta":{}},{"ancestorTitles":["Backend Consistency"],"fullName":"Backend Consistency role levels should match C# AccountRole enum (per PRD medsource_prd_system.md)","status":"passed","title":"role levels should match C# AccountRole enum (per PRD medsource_prd_system.md)","duration":0.11409999999978027,"failureMessages":[],"location":{"line":496,"column":3},"meta":{}},{"ancestorTitles":["Backend Consistency"],"fullName":"Backend Consistency resources should match RBACConstants.Resources","status":"passed","title":"resources should match RBACConstants.Resources","duration":0.8402000000005501,"failureMessages":[],"location":{"line":511,"column":3},"meta":{}},{"ancestorTitles":["Backend Consistency"],"fullName":"Backend Consistency actions should match RBACConstants.Actions","status":"passed","title":"actions should match RBACConstants.Actions","duration":0.4161000000003696,"failureMessages":[],"location":{"line":525,"column":3},"meta":{}},{"ancestorTitles":["Backend Consistency"],"fullName":"Backend Consistency contexts should match RBACConstants.Contexts","status":"passed","title":"contexts should match RBACConstants.Contexts","duration":0.24710000000050059,"failureMessages":[],"location":{"line":540,"column":3},"meta":{}}],"startTime":1766240617717,"endTime":1766240617730.416,"status":"passed","message":"","name":"C:/Users/josep/Documents/GitHub/MedSource Pro/client/app/_types/__tests__/rbac.test.ts"},{"assertionResults":[{"ancestorTitles":["Conversion Rate Calculations","Standard Calculations"],"fullName":"Conversion Rate Calculations Standard Calculations should calculate 50% conversion for 10/20 quotes (PRD US-ANA-001)","status":"passed","title":"should calculate 50% conversion for 10/20 quotes (PRD US-ANA-001)","duration":1.5234999999993306,"failureMessages":[],"location":{"line":52,"column":3},"meta":{}},{"ancestorTitles":["Conversion Rate Calculations","Standard Calculations"],"fullName":"Conversion Rate Calculations Standard Calculations should calculate correct rate for various ratios","status":"passed","title":"should calculate correct rate for various ratios","duration":0.6240000000007058,"failureMessages":[],"location":{"line":59,"column":3},"meta":{}},{"ancestorTitles":["Conversion Rate Calculations","Edge Cases"],"fullName":"Conversion Rate Calculations Edge Cases should return 0% for zero total quotes","status":"passed","title":"should return 0% for zero total quotes","duration":0.3063000000001921,"failureMessages":[],"location":{"line":77,"column":3},"meta":{}},{"ancestorTitles":["Conversion Rate Calculations","Edge Cases"],"fullName":"Conversion Rate Calculations Edge Cases should return 100% for all quotes converted","status":"passed","title":"should return 100% for all quotes converted","duration":0.5392000000001644,"failureMessages":[],"location":{"line":84,"column":3},"meta":{}},{"ancestorTitles":["Conversion Rate Calculations","Edge Cases"],"fullName":"Conversion Rate Calculations Edge Cases should return 0% for no conversions","status":"passed","title":"should return 0% for no conversions","duration":0.3070000000006985,"failureMessages":[],"location":{"line":89,"column":3},"meta":{}},{"ancestorTitles":["Conversion Rate Calculations","Edge Cases"],"fullName":"Conversion Rate Calculations Edge Cases should handle very large numbers","status":"passed","title":"should handle very large numbers","duration":0.11329999999998108,"failureMessages":[],"location":{"line":94,"column":3},"meta":{}},{"ancestorTitles":["Conversion Rate Calculations","Edge Cases"],"fullName":"Conversion Rate Calculations Edge Cases should handle single quote","status":"passed","title":"should handle single quote","duration":0.09019999999964057,"failureMessages":[],"location":{"line":99,"column":3},"meta":{}},{"ancestorTitles":["Conversion Rate Calculations","Edge Cases"],"fullName":"Conversion Rate Calculations Edge Cases should not return values greater than 100%","status":"passed","title":"should not return values greater than 100%","duration":0.09699999999975262,"failureMessages":[],"location":{"line":104,"column":3},"meta":{}},{"ancestorTitles":["Conversion Rate Calculations","Edge Cases"],"fullName":"Conversion Rate Calculations Edge Cases should handle negative values gracefully","status":"passed","title":"should handle negative values gracefully","duration":0.6723999999994703,"failureMessages":[],"location":{"line":111,"column":3},"meta":{}},{"ancestorTitles":["Conversion Rate Calculations","Precision"],"fullName":"Conversion Rate Calculations Precision should round to 2 decimal places","status":"passed","title":"should round to 2 decimal places","duration":0.20380000000022847,"failureMessages":[],"location":{"line":118,"column":3},"meta":{}},{"ancestorTitles":["Revenue Growth Calculations","Standard Calculations (PRD US-ANA-003)"],"fullName":"Revenue Growth Calculations Standard Calculations (PRD US-ANA-003) should calculate +11% growth for $50K vs $45K","status":"passed","title":"should calculate +11% growth for $50K vs $45K","duration":0.1418999999996231,"failureMessages":[],"location":{"line":132,"column":3},"meta":{}},{"ancestorTitles":["Revenue Growth Calculations","Standard Calculations (PRD US-ANA-003)"],"fullName":"Revenue Growth Calculations Standard Calculations (PRD US-ANA-003) should calculate correct growth for various scenarios","status":"passed","title":"should calculate correct growth for various scenarios","duration":0.1739000000006854,"failureMessages":[],"location":{"line":139,"column":3},"meta":{}},{"ancestorTitles":["Revenue Growth Calculations","Negative Growth (Decline)"],"fullName":"Revenue Growth Calculations Negative Growth (Decline) should return negative percentage for revenue decline","status":"passed","title":"should return negative percentage for revenue decline","duration":0.10540000000037253,"failureMessages":[],"location":{"line":156,"column":3},"meta":{}},{"ancestorTitles":["Revenue Growth Calculations","Negative Growth (Decline)"],"fullName":"Revenue Growth Calculations Negative Growth (Decline) should handle significant decline","status":"passed","title":"should handle significant decline","duration":0.06230000000050495,"failureMessages":[],"location":{"line":162,"column":3},"meta":{}},{"ancestorTitles":["Revenue Growth Calculations","Negative Growth (Decline)"],"fullName":"Revenue Growth Calculations Negative Growth (Decline) should handle complete drop to zero","status":"passed","title":"should handle complete drop to zero","duration":0.05510000000049331,"failureMessages":[],"location":{"line":167,"column":3},"meta":{}},{"ancestorTitles":["Revenue Growth Calculations","Edge Cases"],"fullName":"Revenue Growth Calculations Edge Cases should handle zero previous period (first period)","status":"passed","title":"should handle zero previous period (first period)","duration":0.07560000000012224,"failureMessages":[],"location":{"line":174,"column":3},"meta":{}},{"ancestorTitles":["Revenue Growth Calculations","Edge Cases"],"fullName":"Revenue Growth Calculations Edge Cases should handle both periods being zero","status":"passed","title":"should handle both periods being zero","duration":0.07549999999991996,"failureMessages":[],"location":{"line":181,"column":3},"meta":{}},{"ancestorTitles":["Revenue Growth Calculations","Edge Cases"],"fullName":"Revenue Growth Calculations Edge Cases should handle very large growth (10x)","status":"passed","title":"should handle very large growth (10x)","duration":0.057700000000295404,"failureMessages":[],"location":{"line":187,"column":3},"meta":{}},{"ancestorTitles":["Revenue Growth Calculations","Edge Cases"],"fullName":"Revenue Growth Calculations Edge Cases should handle fractional amounts","status":"passed","title":"should handle fractional amounts","duration":0.05760000000009313,"failureMessages":[],"location":{"line":192,"column":3},"meta":{}},{"ancestorTitles":["Revenue Growth Calculations","Edge Cases"],"fullName":"Revenue Growth Calculations Edge Cases should handle negative values gracefully","status":"passed","title":"should handle negative values gracefully","duration":0.11200000000008004,"failureMessages":[],"location":{"line":197,"column":3},"meta":{}},{"ancestorTitles":["Quote Pipeline Calculations","Status Distribution"],"fullName":"Quote Pipeline Calculations Status Distribution should calculate correct total from all statuses","status":"passed","title":"should calculate correct total from all statuses","duration":0.28440000000045984,"failureMessages":[],"location":{"line":210,"column":3},"meta":{}},{"ancestorTitles":["Quote Pipeline Calculations","Status Distribution"],"fullName":"Quote Pipeline Calculations Status Distribution should handle empty pipeline","status":"passed","title":"should handle empty pipeline","duration":0.18950000000040745,"failureMessages":[],"location":{"line":231,"column":3},"meta":{}},{"ancestorTitles":["Quote Pipeline Calculations","Status Distribution"],"fullName":"Quote Pipeline Calculations Status Distribution should handle all quotes in single status","status":"passed","title":"should handle all quotes in single status","duration":0.1782999999995809,"failureMessages":[],"location":{"line":239,"column":3},"meta":{}},{"ancestorTitles":["Quote Pipeline Calculations","Funnel Conversion Rates"],"fullName":"Quote Pipeline Calculations Funnel Conversion Rates should calculate stage-to-stage conversion","status":"passed","title":"should calculate stage-to-stage conversion","duration":0.18589999999949214,"failureMessages":[],"location":{"line":248,"column":3},"meta":{}},{"ancestorTitles":["Quote Pipeline Calculations","Funnel Conversion Rates"],"fullName":"Quote Pipeline Calculations Funnel Conversion Rates should handle zero at funnel stages","status":"passed","title":"should handle zero at funnel stages","duration":0.21420000000034634,"failureMessages":[],"location":{"line":268,"column":3},"meta":{}},{"ancestorTitles":["Average Calculations","Average Order Value"],"fullName":"Average Calculations Average Order Value should calculate correct average from total and count","status":"passed","title":"should calculate correct average from total and count","duration":0.10750000000007276,"failureMessages":[],"location":{"line":290,"column":3},"meta":{}},{"ancestorTitles":["Average Calculations","Average Order Value"],"fullName":"Average Calculations Average Order Value should handle zero orders (no division by zero)","status":"passed","title":"should handle zero orders (no division by zero)","duration":0.13390000000072177,"failureMessages":[],"location":{"line":298,"column":3},"meta":{}},{"ancestorTitles":["Average Calculations","Average Order Value"],"fullName":"Average Calculations Average Order Value should handle single order","status":"passed","title":"should handle single order","duration":0.10620000000017171,"failureMessages":[],"location":{"line":307,"column":3},"meta":{}},{"ancestorTitles":["Average Calculations","Team Average Calculations"],"fullName":"Average Calculations Team Average Calculations should calculate correct team average conversion rate","status":"passed","title":"should calculate correct team average conversion rate","duration":0.38580000000001746,"failureMessages":[],"location":{"line":314,"column":3},"meta":{}},{"ancestorTitles":["Average Calculations","Team Average Calculations"],"fullName":"Average Calculations Team Average Calculations should calculate correct team average revenue","status":"passed","title":"should calculate correct team average revenue","duration":0.1514999999999418,"failureMessages":[],"location":{"line":324,"column":3},"meta":{}},{"ancestorTitles":["Average Calculations","Team Average Calculations"],"fullName":"Average Calculations Team Average Calculations should handle team with new reps (zero values)","status":"passed","title":"should handle team with new reps (zero values)","duration":0.25280000000020664,"failureMessages":[],"location":{"line":336,"column":3},"meta":{}},{"ancestorTitles":["Average Calculations","Team Average Calculations"],"fullName":"Average Calculations Team Average Calculations should handle empty team","status":"passed","title":"should handle empty team","duration":0.12079999999969004,"failureMessages":[],"location":{"line":344,"column":3},"meta":{}},{"ancestorTitles":["Average Calculations","Team Average Calculations"],"fullName":"Average Calculations Team Average Calculations should handle single team member","status":"passed","title":"should handle single team member","duration":0.1327000000001135,"failureMessages":[],"location":{"line":354,"column":3},"meta":{}},{"ancestorTitles":["Average Calculations","Average Turnaround Time"],"fullName":"Average Calculations Average Turnaround Time should calculate weighted average turnaround","status":"passed","title":"should calculate weighted average turnaround","duration":0.1797999999998865,"failureMessages":[],"location":{"line":365,"column":3},"meta":{}},{"ancestorTitles":["Average Calculations","Average Turnaround Time"],"fullName":"Average Calculations Average Turnaround Time should handle zero turnaround (instant)","status":"passed","title":"should handle zero turnaround (instant)","duration":0.10630000000037398,"failureMessages":[],"location":{"line":386,"column":3},"meta":{}},{"ancestorTitles":["Date Range Logic","Preset Calculations"],"fullName":"Date Range Logic Preset Calculations should calculate 7d range correctly","status":"passed","title":"should calculate 7d range correctly","duration":2.03650000000016,"failureMessages":[],"location":{"line":410,"column":3},"meta":{}},{"ancestorTitles":["Date Range Logic","Preset Calculations"],"fullName":"Date Range Logic Preset Calculations should calculate 30d range correctly","status":"passed","title":"should calculate 30d range correctly","duration":0.6057000000000698,"failureMessages":[],"location":{"line":421,"column":3},"meta":{}},{"ancestorTitles":["Date Range Logic","Preset Calculations"],"fullName":"Date Range Logic Preset Calculations should calculate 90d range correctly","status":"passed","title":"should calculate 90d range correctly","duration":0.38379999999961,"failureMessages":[],"location":{"line":432,"column":3},"meta":{}},{"ancestorTitles":["Date Range Logic","Preset Calculations"],"fullName":"Date Range Logic Preset Calculations should calculate 6m range correctly","status":"passed","title":"should calculate 6m range correctly","duration":0.30490000000008877,"failureMessages":[],"location":{"line":443,"column":3},"meta":{}},{"ancestorTitles":["Date Range Logic","Preset Calculations"],"fullName":"Date Range Logic Preset Calculations should calculate 12m range correctly","status":"passed","title":"should calculate 12m range correctly","duration":0.3225000000002183,"failureMessages":[],"location":{"line":454,"column":3},"meta":{}},{"ancestorTitles":["Date Range Logic","Preset Calculations"],"fullName":"Date Range Logic Preset Calculations should calculate YTD range correctly","status":"passed","title":"should calculate YTD range correctly","duration":0.3616999999994732,"failureMessages":[],"location":{"line":465,"column":3},"meta":{}},{"ancestorTitles":["Date Range Logic","Custom Range Validation"],"fullName":"Date Range Logic Custom Range Validation should accept valid custom range","status":"passed","title":"should accept valid custom range","duration":0.2941000000000713,"failureMessages":[],"location":{"line":476,"column":3},"meta":{}},{"ancestorTitles":["Date Range Logic","Custom Range Validation"],"fullName":"Date Range Logic Custom Range Validation should reject inverted range (start > end)","status":"passed","title":"should reject inverted range (start > end)","duration":0.35429999999996653,"failureMessages":[],"location":{"line":486,"column":3},"meta":{}},{"ancestorTitles":["Date Range Logic","Custom Range Validation"],"fullName":"Date Range Logic Custom Range Validation should handle same start and end date","status":"passed","title":"should handle same start and end date","duration":0.4170000000003711,"failureMessages":[],"location":{"line":496,"column":3},"meta":{}},{"ancestorTitles":["Date Range Logic","Custom Range Validation"],"fullName":"Date Range Logic Custom Range Validation should handle very long ranges (multi-year)","status":"passed","title":"should handle very long ranges (multi-year)","duration":0.38249999999970896,"failureMessages":[],"location":{"line":504,"column":3},"meta":{}},{"ancestorTitles":["Date Range Logic","Boundary Conditions"],"fullName":"Date Range Logic Boundary Conditions should handle month boundary correctly","status":"passed","title":"should handle month boundary correctly","duration":0.29429999999956635,"failureMessages":[],"location":{"line":522,"column":3},"meta":{}},{"ancestorTitles":["Date Range Logic","Boundary Conditions"],"fullName":"Date Range Logic Boundary Conditions should handle year boundary correctly","status":"passed","title":"should handle year boundary correctly","duration":0.3386000000000422,"failureMessages":[],"location":{"line":533,"column":3},"meta":{}},{"ancestorTitles":["Date Range Logic","Boundary Conditions"],"fullName":"Date Range Logic Boundary Conditions should handle leap year correctly","status":"passed","title":"should handle leap year correctly","duration":0.32480000000032305,"failureMessages":[],"location":{"line":543,"column":3},"meta":{}},{"ancestorTitles":["Top Performers Ranking","Ranking by Revenue"],"fullName":"Top Performers Ranking Ranking by Revenue should rank by total revenue correctly","status":"passed","title":"should rank by total revenue correctly","duration":0.6508999999996377,"failureMessages":[],"location":{"line":564,"column":3},"meta":{}},{"ancestorTitles":["Top Performers Ranking","Ranking by Revenue"],"fullName":"Top Performers Ranking Ranking by Revenue should handle ties in revenue","status":"passed","title":"should handle ties in revenue","duration":0.17779999999947904,"failureMessages":[],"location":{"line":577,"column":3},"meta":{}},{"ancestorTitles":["Top Performers Ranking","Ranking by Conversion Rate"],"fullName":"Top Performers Ranking Ranking by Conversion Rate should rank by conversion rate correctly","status":"passed","title":"should rank by conversion rate correctly","duration":0.19039999999949941,"failureMessages":[],"location":{"line":593,"column":3},"meta":{}},{"ancestorTitles":["Top Performers Ranking","Top N Selection"],"fullName":"Top Performers Ranking Top N Selection should return exactly top 5 performers","status":"passed","title":"should return exactly top 5 performers","duration":0.18659999999999854,"failureMessages":[],"location":{"line":609,"column":3},"meta":{}},{"ancestorTitles":["Top Performers Ranking","Top N Selection"],"fullName":"Top Performers Ranking Top N Selection should handle team smaller than N","status":"passed","title":"should handle team smaller than N","duration":0.14720000000033906,"failureMessages":[],"location":{"line":619,"column":3},"meta":{}},{"ancestorTitles":["Data Integrity","Consistent Totals"],"fullName":"Data Integrity Consistent Totals should have pipeline statuses sum to total","status":"passed","title":"should have pipeline statuses sum to total","duration":0.14490000000023429,"failureMessages":[],"location":{"line":637,"column":3},"meta":{}},{"ancestorTitles":["Data Integrity","Consistent Totals"],"fullName":"Data Integrity Consistent Totals should detect inconsistent totals","status":"passed","title":"should detect inconsistent totals","duration":0.7069000000001324,"failureMessages":[],"location":{"line":651,"column":3},"meta":{}},{"ancestorTitles":["Data Integrity","Valid Percentages"],"fullName":"Data Integrity Valid Percentages should have conversion rate between 0 and 100","status":"passed","title":"should have conversion rate between 0 and 100","duration":0.5034999999998035,"failureMessages":[],"location":{"line":668,"column":3},"meta":{}},{"ancestorTitles":["Data Integrity","Valid Percentages"],"fullName":"Data Integrity Valid Percentages should handle edge case percentages","status":"passed","title":"should handle edge case percentages","duration":0.15830000000005384,"failureMessages":[],"location":{"line":675,"column":3},"meta":{}},{"ancestorTitles":["Data Integrity","Non-Negative Values"],"fullName":"Data Integrity Non-Negative Values should not have negative revenue","status":"passed","title":"should not have negative revenue","duration":0.34940000000005966,"failureMessages":[],"location":{"line":690,"column":3},"meta":{}},{"ancestorTitles":["Data Integrity","Non-Negative Values"],"fullName":"Data Integrity Non-Negative Values should not have negative order counts","status":"passed","title":"should not have negative order counts","duration":0.5447000000003754,"failureMessages":[],"location":{"line":698,"column":3},"meta":{}},{"ancestorTitles":["Data Integrity","Non-Negative Values"],"fullName":"Data Integrity Non-Negative Values should not have negative turnaround hours","status":"passed","title":"should not have negative turnaround hours","duration":0.19879999999920983,"failureMessages":[],"location":{"line":706,"column":3},"meta":{}}],"startTime":1766240617694,"endTime":1766240617714.1987,"status":"passed","message":"","name":"C:/Users/josep/Documents/GitHub/MedSource Pro/client/app/__tests__/analytics/analytics-business-logic.test.ts"},{"assertionResults":[{"ancestorTitles":["Analytics RBAC Integration Tests","Customer Analytics Access"],"fullName":"Analytics RBAC Integration Tests Customer Analytics Access should DENY Customer access to analytics resource","status":"passed","title":"should DENY Customer access to analytics resource","duration":18.15990000000056,"failureMessages":[],"location":{"line":144,"column":3},"meta":{}},{"ancestorTitles":["Analytics RBAC Integration Tests","Customer Analytics Access"],"fullName":"Analytics RBAC Integration Tests Customer Analytics Access should DENY Customer access to company-wide analytics","status":"passed","title":"should DENY Customer access to company-wide analytics","duration":2.0731000000005224,"failureMessages":[],"location":{"line":156,"column":3},"meta":{}},{"ancestorTitles":["Analytics RBAC Integration Tests","Customer Analytics Access"],"fullName":"Analytics RBAC Integration Tests Customer Analytics Access should DENY Customer access to other customers analytics","status":"passed","title":"should DENY Customer access to other customers analytics","duration":2.257900000000518,"failureMessages":[],"location":{"line":171,"column":3},"meta":{}},{"ancestorTitles":["Analytics RBAC Integration Tests","Customer Analytics Access"],"fullName":"Analytics RBAC Integration Tests Customer Analytics Access should DENY Customer export permissions","status":"passed","title":"should DENY Customer export permissions","duration":2.156500000000051,"failureMessages":[],"location":{"line":183,"column":3},"meta":{}},{"ancestorTitles":["Analytics RBAC Integration Tests","Customer Analytics Access"],"fullName":"Analytics RBAC Integration Tests Customer Analytics Access should hide team performance section from Customer","status":"passed","title":"should hide team performance section from Customer","duration":17.345299999999952,"failureMessages":[],"location":{"line":189,"column":3},"meta":{}},{"ancestorTitles":["Analytics RBAC Integration Tests","Customer Analytics Access"],"fullName":"Analytics RBAC Integration Tests Customer Analytics Access should hide revenue timeline from Customer","status":"passed","title":"should hide revenue timeline from Customer","duration":2.466200000000754,"failureMessages":[],"location":{"line":203,"column":3},"meta":{}},{"ancestorTitles":["Analytics RBAC Integration Tests","SalesRep Analytics Access"],"fullName":"Analytics RBAC Integration Tests SalesRep Analytics Access should allow SalesRep to access own analytics","status":"passed","title":"should allow SalesRep to access own analytics","duration":1.634900000000016,"failureMessages":[],"location":{"line":226,"column":3},"meta":{}},{"ancestorTitles":["Analytics RBAC Integration Tests","SalesRep Analytics Access"],"fullName":"Analytics RBAC Integration Tests SalesRep Analytics Access should allow SalesRep to see own conversion metrics","status":"passed","title":"should allow SalesRep to see own conversion metrics","duration":1.5419000000001688,"failureMessages":[],"location":{"line":237,"column":3},"meta":{}},{"ancestorTitles":["Analytics RBAC Integration Tests","SalesRep Analytics Access"],"fullName":"Analytics RBAC Integration Tests SalesRep Analytics Access should allow SalesRep to see anonymized team comparison","status":"passed","title":"should allow SalesRep to see anonymized team comparison","duration":2.1005999999997584,"failureMessages":[],"location":{"line":250,"column":3},"meta":{}},{"ancestorTitles":["Analytics RBAC Integration Tests","SalesRep Analytics Access"],"fullName":"Analytics RBAC Integration Tests SalesRep Analytics Access should DENY SalesRep access to team performance details","status":"passed","title":"should DENY SalesRep access to team performance details","duration":1.352600000000166,"failureMessages":[],"location":{"line":262,"column":3},"meta":{}},{"ancestorTitles":["Analytics RBAC Integration Tests","SalesRep Analytics Access"],"fullName":"Analytics RBAC Integration Tests SalesRep Analytics Access should DENY SalesRep access to company-wide analytics","status":"passed","title":"should DENY SalesRep access to company-wide analytics","duration":1.2439000000003944,"failureMessages":[],"location":{"line":274,"column":3},"meta":{}},{"ancestorTitles":["Analytics RBAC Integration Tests","SalesRep Analytics Access"],"fullName":"Analytics RBAC Integration Tests SalesRep Analytics Access should DENY SalesRep export permissions","status":"passed","title":"should DENY SalesRep export permissions","duration":0.9526000000005297,"failureMessages":[],"location":{"line":285,"column":3},"meta":{}},{"ancestorTitles":["Analytics RBAC Integration Tests","SalesRep Analytics Access"],"fullName":"Analytics RBAC Integration Tests SalesRep Analytics Access should hide team leaderboard from SalesRep","status":"passed","title":"should hide team leaderboard from SalesRep","duration":2.388600000000224,"failureMessages":[],"location":{"line":291,"column":3},"meta":{}},{"ancestorTitles":["Analytics RBAC Integration Tests","SalesRep Analytics Access"],"fullName":"Analytics RBAC Integration Tests SalesRep Analytics Access should show personal vs team comparison for SalesRep","status":"passed","title":"should show personal vs team comparison for SalesRep","duration":1.72400000000016,"failureMessages":[],"location":{"line":305,"column":3},"meta":{}},{"ancestorTitles":["Analytics RBAC Integration Tests","SalesManager Analytics Access"],"fullName":"Analytics RBAC Integration Tests SalesManager Analytics Access should allow SalesManager to access team analytics","status":"passed","title":"should allow SalesManager to access team analytics","duration":1.0911999999998443,"failureMessages":[],"location":{"line":328,"column":3},"meta":{}},{"ancestorTitles":["Analytics RBAC Integration Tests","SalesManager Analytics Access"],"fullName":"Analytics RBAC Integration Tests SalesManager Analytics Access should allow SalesManager to see team performance","status":"passed","title":"should allow SalesManager to see team performance","duration":1.2846999999992477,"failureMessages":[],"location":{"line":340,"column":3},"meta":{}},{"ancestorTitles":["Analytics RBAC Integration Tests","SalesManager Analytics Access"],"fullName":"Analytics RBAC Integration Tests SalesManager Analytics Access should allow SalesManager to access team revenue analytics","status":"passed","title":"should allow SalesManager to access team revenue analytics","duration":2.0824000000002343,"failureMessages":[],"location":{"line":356,"column":3},"meta":{}},{"ancestorTitles":["Analytics RBAC Integration Tests","SalesManager Analytics Access"],"fullName":"Analytics RBAC Integration Tests SalesManager Analytics Access should allow SalesManager to export analytics","status":"passed","title":"should allow SalesManager to export analytics","duration":1.3788999999997031,"failureMessages":[],"location":{"line":368,"column":3},"meta":{}},{"ancestorTitles":["Analytics RBAC Integration Tests","SalesManager Analytics Access"],"fullName":"Analytics RBAC Integration Tests SalesManager Analytics Access should DENY SalesManager ability to modify analytics","status":"passed","title":"should DENY SalesManager ability to modify analytics","duration":1.3004000000000815,"failureMessages":[],"location":{"line":377,"column":3},"meta":{}},{"ancestorTitles":["Analytics RBAC Integration Tests","SalesManager Analytics Access"],"fullName":"Analytics RBAC Integration Tests SalesManager Analytics Access should show team leaderboard to SalesManager","status":"passed","title":"should show team leaderboard to SalesManager","duration":2.58179999999993,"failureMessages":[],"location":{"line":384,"column":3},"meta":{}},{"ancestorTitles":["Analytics RBAC Integration Tests","SalesManager Analytics Access"],"fullName":"Analytics RBAC Integration Tests SalesManager Analytics Access should show export button to SalesManager","status":"passed","title":"should show export button to SalesManager","duration":3.1252000000004045,"failureMessages":[],"location":{"line":394,"column":3},"meta":{}},{"ancestorTitles":["Analytics RBAC Integration Tests","SalesManager Analytics Access"],"fullName":"Analytics RBAC Integration Tests SalesManager Analytics Access should show revenue charts to SalesManager","status":"passed","title":"should show revenue charts to SalesManager","duration":3.053299999999581,"failureMessages":[],"location":{"line":404,"column":3},"meta":{}},{"ancestorTitles":["Analytics RBAC Integration Tests","Admin Analytics Access"],"fullName":"Analytics RBAC Integration Tests Admin Analytics Access should allow Admin full analytics access","status":"passed","title":"should allow Admin full analytics access","duration":1.7794000000003507,"failureMessages":[],"location":{"line":427,"column":3},"meta":{}},{"ancestorTitles":["Analytics RBAC Integration Tests","Admin Analytics Access"],"fullName":"Analytics RBAC Integration Tests Admin Analytics Access should allow Admin to access system-wide metrics","status":"passed","title":"should allow Admin to access system-wide metrics","duration":1.3091000000003987,"failureMessages":[],"location":{"line":444,"column":3},"meta":{}},{"ancestorTitles":["Analytics RBAC Integration Tests","Admin Analytics Access"],"fullName":"Analytics RBAC Integration Tests Admin Analytics Access should allow Admin to export all analytics","status":"passed","title":"should allow Admin to export all analytics","duration":1.0059999999994034,"failureMessages":[],"location":{"line":455,"column":3},"meta":{}},{"ancestorTitles":["Analytics RBAC Integration Tests","Admin Analytics Access"],"fullName":"Analytics RBAC Integration Tests Admin Analytics Access should allow Admin to manage analytics settings","status":"passed","title":"should allow Admin to manage analytics settings","duration":0.9760000000005675,"failureMessages":[],"location":{"line":464,"column":3},"meta":{}},{"ancestorTitles":["Analytics RBAC Integration Tests","Admin Analytics Access"],"fullName":"Analytics RBAC Integration Tests Admin Analytics Access should show all analytics sections to Admin","status":"passed","title":"should show all analytics sections to Admin","duration":4.260400000000118,"failureMessages":[],"location":{"line":470,"column":3},"meta":{}},{"ancestorTitles":["Analytics RBAC Integration Tests","Cross-Role Security Tests"],"fullName":"Analytics RBAC Integration Tests Cross-Role Security Tests should NOT expose other customer data to any non-admin role","status":"passed","title":"should NOT expose other customer data to any non-admin role","duration":3.9000999999998385,"failureMessages":[],"location":{"line":496,"column":3},"meta":{}},{"ancestorTitles":["Analytics RBAC Integration Tests","Cross-Role Security Tests"],"fullName":"Analytics RBAC Integration Tests Cross-Role Security Tests should enforce hierarchical permission levels","status":"passed","title":"should enforce hierarchical permission levels","duration":3.3562000000001717,"failureMessages":[],"location":{"line":513,"column":3},"meta":{}},{"ancestorTitles":["Analytics RBAC Integration Tests","Cross-Role Security Tests"],"fullName":"Analytics RBAC Integration Tests Cross-Role Security Tests should maintain restrictions after role downgrade","status":"passed","title":"should maintain restrictions after role downgrade","duration":2.720299999999952,"failureMessages":[],"location":{"line":539,"column":3},"meta":{}},{"ancestorTitles":["Analytics RBAC Integration Tests","Cross-Role Security Tests"],"fullName":"Analytics RBAC Integration Tests Cross-Role Security Tests should not allow permission escalation through UI manipulation","status":"passed","title":"should not allow permission escalation through UI manipulation","duration":2.111499999999978,"failureMessages":[],"location":{"line":551,"column":3},"meta":{}},{"ancestorTitles":["Analytics RBAC Integration Tests","Unauthenticated User Access"],"fullName":"Analytics RBAC Integration Tests Unauthenticated User Access should deny all analytics access to unauthenticated users","status":"passed","title":"should deny all analytics access to unauthenticated users","duration":1.6106999999992695,"failureMessages":[],"location":{"line":580,"column":3},"meta":{}},{"ancestorTitles":["Analytics RBAC Integration Tests","Unauthenticated User Access"],"fullName":"Analytics RBAC Integration Tests Unauthenticated User Access should hide all analytics content from unauthenticated users","status":"passed","title":"should hide all analytics content from unauthenticated users","duration":1.5722999999998137,"failureMessages":[],"location":{"line":590,"column":3},"meta":{}},{"ancestorTitles":["Analytics API Access Control","API Endpoint Authorization"],"fullName":"Analytics API Access Control API Endpoint Authorization should only allow SalesManagerOrAbove to call team performance endpoint","status":"passed","title":"should only allow SalesManagerOrAbove to call team performance endpoint","duration":19.58440000000064,"failureMessages":[],"location":{"line":617,"column":3},"meta":{}},{"ancestorTitles":["Analytics API Access Control","API Endpoint Authorization"],"fullName":"Analytics API Access Control API Endpoint Authorization should only allow SalesManagerOrAbove to call revenue timeline endpoint","status":"passed","title":"should only allow SalesManagerOrAbove to call revenue timeline endpoint","duration":2.2619999999997162,"failureMessages":[],"location":{"line":637,"column":3},"meta":{}},{"ancestorTitles":["Analytics API Access Control","API Endpoint Authorization"],"fullName":"Analytics API Access Control API Endpoint Authorization should allow all authenticated users to call summary endpoint","status":"passed","title":"should allow all authenticated users to call summary endpoint","duration":6.405400000000554,"failureMessages":[],"location":{"line":649,"column":3},"meta":{}}],"startTime":1766240615314,"endTime":1766240615441.4055,"status":"passed","message":"","name":"C:/Users/josep/Documents/GitHub/MedSource Pro/client/app/__tests__/analytics/analytics-rbac.test.tsx"},{"assertionResults":[{"ancestorTitles":["Customer RBAC Integration Tests","Customer Role - Self-Service","View Own Company (US-CUST: Customer can view own profile)"],"fullName":"Customer RBAC Integration Tests Customer Role - Self-Service View Own Company (US-CUST: Customer can view own profile) Customer can view own company profile","status":"passed","title":"Customer can view own company profile","duration":17.353000000000065,"failureMessages":[],"location":{"line":204,"column":4},"meta":{}},{"ancestorTitles":["Customer RBAC Integration Tests","Customer Role - Self-Service","View Own Company (US-CUST: Customer can view own profile)"],"fullName":"Customer RBAC Integration Tests Customer Role - Self-Service View Own Company (US-CUST: Customer can view own profile) Customer CANNOT see internal notes field","status":"passed","title":"Customer CANNOT see internal notes field","duration":1.7622999999994136,"failureMessages":[],"location":{"line":214,"column":4},"meta":{}},{"ancestorTitles":["Customer RBAC Integration Tests","Customer Role - Self-Service","Edit Own Company (US-CUST: Customer can edit own info)"],"fullName":"Customer RBAC Integration Tests Customer Role - Self-Service Edit Own Company (US-CUST: Customer can edit own info) Customer CANNOT change sales rep assignment","status":"passed","title":"Customer CANNOT change sales rep assignment","duration":2.433700000000499,"failureMessages":[],"location":{"line":223,"column":4},"meta":{}},{"ancestorTitles":["Customer RBAC Integration Tests","Customer Role - Self-Service","Edit Own Company (US-CUST: Customer can edit own info)"],"fullName":"Customer RBAC Integration Tests Customer Role - Self-Service Edit Own Company (US-CUST: Customer can edit own info) Customer CANNOT change company status","status":"passed","title":"Customer CANNOT change company status","duration":1.7217000000000553,"failureMessages":[],"location":{"line":230,"column":4},"meta":{}},{"ancestorTitles":["Customer RBAC Integration Tests","Customer Role - Self-Service","Edit Own Company (US-CUST: Customer can edit own info)"],"fullName":"Customer RBAC Integration Tests Customer Role - Self-Service Edit Own Company (US-CUST: Customer can edit own info) Customer CANNOT delete company","status":"passed","title":"Customer CANNOT delete company","duration":2.466599999999744,"failureMessages":[],"location":{"line":236,"column":4},"meta":{}},{"ancestorTitles":["Customer RBAC Integration Tests","Customer Role - Self-Service","Access Control - Other Companies"],"fullName":"Customer RBAC Integration Tests Customer Role - Self-Service Access Control - Other Companies Customer attempting to view other company should be denied","status":"passed","title":"Customer attempting to view other company should be denied","duration":0.3213999999998123,"failureMessages":[],"location":{"line":244,"column":4},"meta":{}},{"ancestorTitles":["Customer RBAC Integration Tests","SalesRep Role - Assigned Customers","US-CUST-001: View assigned customers"],"fullName":"Customer RBAC Integration Tests SalesRep Role - Assigned Customers US-CUST-001: View assigned customers SalesRep can see internal notes for assigned customers","status":"passed","title":"SalesRep can see internal notes for assigned customers","duration":1.1053000000001703,"failureMessages":[],"location":{"line":268,"column":4},"meta":{}},{"ancestorTitles":["Customer RBAC Integration Tests","SalesRep Role - Assigned Customers","US-CUST-001: View assigned customers"],"fullName":"Customer RBAC Integration Tests SalesRep Role - Assigned Customers US-CUST-001: View assigned customers SalesRep is recognized as SalesRep or above","status":"passed","title":"SalesRep is recognized as SalesRep or above","duration":1.1642000000001644,"failureMessages":[],"location":{"line":275,"column":4},"meta":{}},{"ancestorTitles":["Customer RBAC Integration Tests","SalesRep Role - Assigned Customers","US-CUST-003: Update customer info"],"fullName":"Customer RBAC Integration Tests SalesRep Role - Assigned Customers US-CUST-003: Update customer info SalesRep CANNOT change sales rep assignment","status":"passed","title":"SalesRep CANNOT change sales rep assignment","duration":1.3436000000001513,"failureMessages":[],"location":{"line":284,"column":4},"meta":{}},{"ancestorTitles":["Customer RBAC Integration Tests","SalesRep Role - Assigned Customers","US-CUST-003: Update customer info"],"fullName":"Customer RBAC Integration Tests SalesRep Role - Assigned Customers US-CUST-003: Update customer info SalesRep CANNOT change customer status","status":"passed","title":"SalesRep CANNOT change customer status","duration":2.1364999999996144,"failureMessages":[],"location":{"line":291,"column":4},"meta":{}},{"ancestorTitles":["Customer RBAC Integration Tests","SalesRep Role - Assigned Customers","US-CUST-003: Update customer info"],"fullName":"Customer RBAC Integration Tests SalesRep Role - Assigned Customers US-CUST-003: Update customer info SalesRep CANNOT delete customers","status":"passed","title":"SalesRep CANNOT delete customers","duration":1.1603000000004613,"failureMessages":[],"location":{"line":297,"column":4},"meta":{}},{"ancestorTitles":["Customer RBAC Integration Tests","SalesRep Role - Assigned Customers","Access Control - Unassigned Customers"],"fullName":"Customer RBAC Integration Tests SalesRep Role - Assigned Customers Access Control - Unassigned Customers SalesRep attempting to view unassigned customer should be denied","status":"passed","title":"SalesRep attempting to view unassigned customer should be denied","duration":0.5392999999994572,"failureMessages":[],"location":{"line":306,"column":4},"meta":{}},{"ancestorTitles":["Customer RBAC Integration Tests","SalesRep Role - Assigned Customers","Access Control - Unassigned Customers"],"fullName":"Customer RBAC Integration Tests SalesRep Role - Assigned Customers Access Control - Unassigned Customers SalesRep customer list should only include assigned customers","status":"passed","title":"SalesRep customer list should only include assigned customers","duration":0.36269999999967695,"failureMessages":[],"location":{"line":318,"column":4},"meta":{}},{"ancestorTitles":["Customer RBAC Integration Tests","SalesManager Role - Full Operations","US-CUST-002: View all customers"],"fullName":"Customer RBAC Integration Tests SalesManager Role - Full Operations US-CUST-002: View all customers SalesManager can see internal notes","status":"passed","title":"SalesManager can see internal notes","duration":1.3882999999996173,"failureMessages":[],"location":{"line":353,"column":4},"meta":{}},{"ancestorTitles":["Customer RBAC Integration Tests","SalesManager Role - Full Operations","US-CUST-002: View all customers"],"fullName":"Customer RBAC Integration Tests SalesManager Role - Full Operations US-CUST-002: View all customers SalesManager is recognized as SalesManager or above","status":"passed","title":"SalesManager is recognized as SalesManager or above","duration":0.6410000000005311,"failureMessages":[],"location":{"line":360,"column":4},"meta":{}},{"ancestorTitles":["Customer RBAC Integration Tests","SalesManager Role - Full Operations","US-CUST-002: View all customers"],"fullName":"Customer RBAC Integration Tests SalesManager Role - Full Operations US-CUST-002: View all customers SalesManager can view ALL customers (no assignment filter)","status":"passed","title":"SalesManager can view ALL customers (no assignment filter)","duration":0.1853000000000975,"failureMessages":[],"location":{"line":367,"column":4},"meta":{}},{"ancestorTitles":["Customer RBAC Integration Tests","SalesManager Role - Full Operations","US-CUST-004: Assign primary sales rep"],"fullName":"Customer RBAC Integration Tests SalesManager Role - Full Operations US-CUST-004: Assign primary sales rep SalesManager CAN assign sales rep","status":"passed","title":"SalesManager CAN assign sales rep","duration":0.7851000000000568,"failureMessages":[],"location":{"line":391,"column":4},"meta":{}},{"ancestorTitles":["Customer RBAC Integration Tests","SalesManager Role - Full Operations","US-CUST-004: Assign primary sales rep"],"fullName":"Customer RBAC Integration Tests SalesManager Role - Full Operations US-CUST-004: Assign primary sales rep SalesManager CAN change customer status","status":"passed","title":"SalesManager CAN change customer status","duration":0.7579999999998108,"failureMessages":[],"location":{"line":398,"column":4},"meta":{}},{"ancestorTitles":["Customer RBAC Integration Tests","SalesManager Role - Full Operations","US-CUST-004: Assign primary sales rep"],"fullName":"Customer RBAC Integration Tests SalesManager Role - Full Operations US-CUST-004: Assign primary sales rep SalesManager can assign sales rep via API","status":"passed","title":"SalesManager can assign sales rep via API","duration":0.2287000000005719,"failureMessages":[],"location":{"line":404,"column":4},"meta":{}},{"ancestorTitles":["Customer RBAC Integration Tests","SalesManager Role - Full Operations","US-CUST-004: Assign primary sales rep"],"fullName":"Customer RBAC Integration Tests SalesManager Role - Full Operations US-CUST-004: Assign primary sales rep SalesManager can reassign from one rep to another","status":"passed","title":"SalesManager can reassign from one rep to another","duration":0.21570000000065193,"failureMessages":[],"location":{"line":419,"column":4},"meta":{}},{"ancestorTitles":["Customer RBAC Integration Tests","SalesManager Role - Full Operations","Limitations"],"fullName":"Customer RBAC Integration Tests SalesManager Role - Full Operations Limitations SalesManager CANNOT delete customers","status":"passed","title":"SalesManager CANNOT delete customers","duration":1.1304000000000087,"failureMessages":[],"location":{"line":439,"column":4},"meta":{}},{"ancestorTitles":["Customer RBAC Integration Tests","Admin Role - Full Access","Full Customer Management"],"fullName":"Customer RBAC Integration Tests Admin Role - Full Access Full Customer Management Admin has all permissions","status":"passed","title":"Admin has all permissions","duration":0.6922999999997046,"failureMessages":[],"location":{"line":458,"column":4},"meta":{}},{"ancestorTitles":["Customer RBAC Integration Tests","Admin Role - Full Access","Full Customer Management"],"fullName":"Customer RBAC Integration Tests Admin Role - Full Access Full Customer Management Admin CAN delete customers","status":"passed","title":"Admin CAN delete customers","duration":0.5452999999997701,"failureMessages":[],"location":{"line":469,"column":4},"meta":{}},{"ancestorTitles":["Customer RBAC Integration Tests","Role Transition Scenarios"],"fullName":"Customer RBAC Integration Tests Role Transition Scenarios Permissions update when user role changes","status":"passed","title":"Permissions update when user role changes","duration":1.2744999999995343,"failureMessages":[],"location":{"line":483,"column":3},"meta":{}},{"ancestorTitles":["Customer RBAC Integration Tests","Role Transition Scenarios"],"fullName":"Customer RBAC Integration Tests Role Transition Scenarios Permissions reset on logout","status":"passed","title":"Permissions reset on logout","duration":0.8356000000003405,"failureMessages":[],"location":{"line":506,"column":3},"meta":{}},{"ancestorTitles":["Customer RBAC Integration Tests","Security Boundary Tests"],"fullName":"Customer RBAC Integration Tests Security Boundary Tests Internal notes should NEVER be visible to Customer role","status":"passed","title":"Internal notes should NEVER be visible to Customer role","duration":0.4872000000004846,"failureMessages":[],"location":{"line":526,"column":3},"meta":{}},{"ancestorTitles":["Customer RBAC Integration Tests","Security Boundary Tests"],"fullName":"Customer RBAC Integration Tests Security Boundary Tests Delete permission ONLY available to Admin","status":"passed","title":"Delete permission ONLY available to Admin","duration":2.2195999999994456,"failureMessages":[],"location":{"line":533,"column":3},"meta":{}},{"ancestorTitles":["Customer RBAC Integration Tests","Security Boundary Tests"],"fullName":"Customer RBAC Integration Tests Security Boundary Tests Sales rep assignment ONLY available to SalesManager+ (excludes FC)","status":"passed","title":"Sales rep assignment ONLY available to SalesManager+ (excludes FC)","duration":2.904899999999543,"failureMessages":[],"location":{"line":557,"column":3},"meta":{}},{"ancestorTitles":["Customer RBAC Integration Tests","Business Flow Validation","Customer Onboarding Flow"],"fullName":"Customer RBAC Integration Tests Business Flow Validation Customer Onboarding Flow New customer without sales rep can be assigned by Manager","status":"passed","title":"New customer without sales rep can be assigned by Manager","duration":0.8302999999996246,"failureMessages":[],"location":{"line":596,"column":4},"meta":{}},{"ancestorTitles":["Customer RBAC Integration Tests","Business Flow Validation","Sales Rep Reassignment Flow"],"fullName":"Customer RBAC Integration Tests Business Flow Validation Sales Rep Reassignment Flow Manager can reassign from Rep A to Rep B","status":"passed","title":"Manager can reassign from Rep A to Rep B","duration":0.22190000000045984,"failureMessages":[],"location":{"line":617,"column":4},"meta":{}},{"ancestorTitles":["Customer RBAC Integration Tests","Business Flow Validation","Sales Rep Reassignment Flow"],"fullName":"Customer RBAC Integration Tests Business Flow Validation Sales Rep Reassignment Flow Rep A loses access after reassignment to Rep B","status":"passed","title":"Rep A loses access after reassignment to Rep B","duration":0.15650000000005093,"failureMessages":[],"location":{"line":637,"column":4},"meta":{}},{"ancestorTitles":["Customer RBAC Integration Tests","Business Flow Validation","Internal Notes Workflow"],"fullName":"Customer RBAC Integration Tests Business Flow Validation Internal Notes Workflow SalesRep can add notes visible to other staff","status":"passed","title":"SalesRep can add notes visible to other staff","duration":0.5320999999994456,"failureMessages":[],"location":{"line":659,"column":4},"meta":{}},{"ancestorTitles":["Customer RBAC Integration Tests","Business Flow Validation","Internal Notes Workflow"],"fullName":"Customer RBAC Integration Tests Business Flow Validation Internal Notes Workflow Customer NEVER sees internal notes even in API response","status":"passed","title":"Customer NEVER sees internal notes even in API response","duration":0.4742000000005646,"failureMessages":[],"location":{"line":677,"column":4},"meta":{}},{"ancestorTitles":["Customer RBAC Integration Tests","Edge Cases"],"fullName":"Customer RBAC Integration Tests Edge Cases Handles null/undefined user gracefully","status":"passed","title":"Handles null/undefined user gracefully","duration":1.3928999999998268,"failureMessages":[],"location":{"line":695,"column":3},"meta":{}},{"ancestorTitles":["Customer RBAC Integration Tests","Edge Cases"],"fullName":"Customer RBAC Integration Tests Edge Cases Customer with null customerId cannot view any company","status":"passed","title":"Customer with null customerId cannot view any company","duration":0.1625000000003638,"failureMessages":[],"location":{"line":709,"column":3},"meta":{}},{"ancestorTitles":["Customer RBAC Integration Tests","Edge Cases"],"fullName":"Customer RBAC Integration Tests Edge Cases Handles concurrent permission checks","status":"passed","title":"Handles concurrent permission checks","duration":21.07090000000062,"failureMessages":[],"location":{"line":724,"column":3},"meta":{}}],"startTime":1766240615282,"endTime":1766240615357.0708,"status":"passed","message":"","name":"C:/Users/josep/Documents/GitHub/MedSource Pro/client/app/__tests__/customers/customer-rbac-integration.test.tsx"},{"assertionResults":[{"ancestorTitles":["RBAC Integration Tests","Customer User Journey"],"fullName":"RBAC Integration Tests Customer User Journey Customer can access own resources only","status":"passed","title":"Customer can access own resources only","duration":17.67949999999928,"failureMessages":[],"location":{"line":116,"column":5},"meta":{}},{"ancestorTitles":["RBAC Integration Tests","Customer User Journey"],"fullName":"RBAC Integration Tests Customer User Journey Customer sees appropriate UI elements","status":"passed","title":"Customer sees appropriate UI elements","duration":18.825200000000223,"failureMessages":[],"location":{"line":129,"column":5},"meta":{}},{"ancestorTitles":["RBAC Integration Tests","Customer User Journey"],"fullName":"RBAC Integration Tests Customer User Journey Customer cannot perform admin actions","status":"passed","title":"Customer cannot perform admin actions","duration":2.4266000000006898,"failureMessages":[],"location":{"line":168,"column":5},"meta":{}},{"ancestorTitles":["RBAC Integration Tests","SalesRep User Journey"],"fullName":"RBAC Integration Tests SalesRep User Journey SalesRep can manage assigned resources","status":"passed","title":"SalesRep can manage assigned resources","duration":2.9558999999999287,"failureMessages":[],"location":{"line":193,"column":5},"meta":{}},{"ancestorTitles":["RBAC Integration Tests","SalesRep User Journey"],"fullName":"RBAC Integration Tests SalesRep User Journey SalesRep sees sales tools but not manager tools","status":"passed","title":"SalesRep sees sales tools but not manager tools","duration":3.965299999999843,"failureMessages":[],"location":{"line":210,"column":5},"meta":{}},{"ancestorTitles":["RBAC Integration Tests","SalesManager User Journey"],"fullName":"RBAC Integration Tests SalesManager User Journey SalesManager can approve and assign quotes","status":"passed","title":"SalesManager can approve and assign quotes","duration":1.0403999999998632,"failureMessages":[],"location":{"line":258,"column":5},"meta":{}},{"ancestorTitles":["RBAC Integration Tests","SalesManager User Journey"],"fullName":"RBAC Integration Tests SalesManager User Journey SalesManager sees manager tools but not admin tools","status":"passed","title":"SalesManager sees manager tools but not admin tools","duration":3.5991000000003623,"failureMessages":[],"location":{"line":279,"column":5},"meta":{}},{"ancestorTitles":["RBAC Integration Tests","Admin User Journey"],"fullName":"RBAC Integration Tests Admin User Journey Admin has all permissions","status":"passed","title":"Admin has all permissions","duration":18.03610000000026,"failureMessages":[],"location":{"line":327,"column":5},"meta":{}},{"ancestorTitles":["RBAC Integration Tests","Admin User Journey"],"fullName":"RBAC Integration Tests Admin User Journey Admin sees all UI elements","status":"passed","title":"Admin sees all UI elements","duration":6.488499999999476,"failureMessages":[],"location":{"line":347,"column":5},"meta":{}},{"ancestorTitles":["RBAC Integration Tests","Role Transitions"],"fullName":"RBAC Integration Tests Role Transitions should handle role upgrade (Customer → SalesRep)","status":"passed","title":"should handle role upgrade (Customer → SalesRep)","duration":2.5016999999998006,"failureMessages":[],"location":{"line":396,"column":5},"meta":{}},{"ancestorTitles":["RBAC Integration Tests","Role Transitions"],"fullName":"RBAC Integration Tests Role Transitions should handle role downgrade (Admin → Customer)","status":"passed","title":"should handle role downgrade (Admin → Customer)","duration":1.5197000000007392,"failureMessages":[],"location":{"line":414,"column":5},"meta":{}},{"ancestorTitles":["RBAC Integration Tests","Role Transitions"],"fullName":"RBAC Integration Tests Role Transitions should handle logout properly","status":"passed","title":"should handle logout properly","duration":1.278599999999642,"failureMessages":[],"location":{"line":432,"column":5},"meta":{}},{"ancestorTitles":["RBAC Integration Tests","Role Transitions"],"fullName":"RBAC Integration Tests Role Transitions UI should update immediately on role change","status":"passed","title":"UI should update immediately on role change","duration":3.8735999999998967,"failureMessages":[],"location":{"line":451,"column":5},"meta":{}},{"ancestorTitles":["RBAC Integration Tests","Security Tests"],"fullName":"RBAC Integration Tests Security Tests should not allow permission escalation by manipulating user object","status":"passed","title":"should not allow permission escalation by manipulating user object","duration":1.1822000000001935,"failureMessages":[],"location":{"line":486,"column":5},"meta":{}},{"ancestorTitles":["RBAC Integration Tests","Security Tests"],"fullName":"RBAC Integration Tests Security Tests should handle invalid role levels safely","status":"passed","title":"should handle invalid role levels safely","duration":1.0790999999999258,"failureMessages":[],"location":{"line":503,"column":5},"meta":{}},{"ancestorTitles":["RBAC Integration Tests","Security Tests"],"fullName":"RBAC Integration Tests Security Tests should handle null user gracefully","status":"passed","title":"should handle null user gracefully","duration":1.8932999999997264,"failureMessages":[],"location":{"line":517,"column":5},"meta":{}},{"ancestorTitles":["RBAC Integration Tests","Security Tests"],"fullName":"RBAC Integration Tests Security Tests should not expose sensitive content during render","status":"passed","title":"should not expose sensitive content during render","duration":1.853900000000067,"failureMessages":[],"location":{"line":535,"column":5},"meta":{}},{"ancestorTitles":["RBAC Integration Tests","Real-World Scenarios"],"fullName":"RBAC Integration Tests Real-World Scenarios Quote approval workflow","status":"passed","title":"Quote approval workflow","duration":2.7674999999999272,"failureMessages":[],"location":{"line":557,"column":5},"meta":{}},{"ancestorTitles":["RBAC Integration Tests","Real-World Scenarios"],"fullName":"RBAC Integration Tests Real-World Scenarios Order fulfillment workflow","status":"passed","title":"Order fulfillment workflow","duration":1.1247000000003027,"failureMessages":[],"location":{"line":586,"column":5},"meta":{}},{"ancestorTitles":["RBAC Integration Tests","Real-World Scenarios"],"fullName":"RBAC Integration Tests Real-World Scenarios RBAC Admin page protection","status":"passed","title":"RBAC Admin page protection","duration":6.213300000000345,"failureMessages":[],"location":{"line":602,"column":5},"meta":{}},{"ancestorTitles":["RBAC Integration Tests","Real-World Scenarios"],"fullName":"RBAC Integration Tests Real-World Scenarios Analytics access by role","status":"passed","title":"Analytics access by role","duration":5.199499999999716,"failureMessages":[],"location":{"line":640,"column":5},"meta":{}}],"startTime":1766240615302,"endTime":1766240615409.1995,"status":"passed","message":"","name":"C:/Users/josep/Documents/GitHub/MedSource Pro/client/app/__tests__/rbac/rbac-integration.test.tsx"},{"assertionResults":[{"ancestorTitles":["Test Setup Validation","Environment Configuration"],"fullName":"Test Setup Validation Environment Configuration should configure jsdom environment correctly","status":"passed","title":"should configure jsdom environment correctly","duration":1.4690999999993437,"failureMessages":[],"location":{"line":23,"column":5},"meta":{}},{"ancestorTitles":["Test Setup Validation","Environment Configuration"],"fullName":"Test Setup Validation Environment Configuration should have window object available","status":"passed","title":"should have window object available","duration":0.4600000000000364,"failureMessages":[],"location":{"line":31,"column":5},"meta":{}},{"ancestorTitles":["Test Setup Validation","Environment Configuration"],"fullName":"Test Setup Validation Environment Configuration should have document object available","status":"passed","title":"should have document object available","duration":0.15200000000004366,"failureMessages":[],"location":{"line":36,"column":5},"meta":{}},{"ancestorTitles":["Test Setup Validation","Storage Mocks"],"fullName":"Test Setup Validation Storage Mocks should configure localStorage mock","status":"passed","title":"should configure localStorage mock","duration":0.538499999999658,"failureMessages":[],"location":{"line":48,"column":5},"meta":{}},{"ancestorTitles":["Test Setup Validation","Storage Mocks"],"fullName":"Test Setup Validation Storage Mocks should configure sessionStorage mock","status":"passed","title":"should configure sessionStorage mock","duration":0.17770000000018626,"failureMessages":[],"location":{"line":55,"column":5},"meta":{}},{"ancestorTitles":["Test Setup Validation","Storage Mocks"],"fullName":"Test Setup Validation Storage Mocks should persist data in localStorage","status":"passed","title":"should persist data in localStorage","duration":0.17329999999947177,"failureMessages":[],"location":{"line":62,"column":5},"meta":{}},{"ancestorTitles":["Test Setup Validation","Storage Mocks"],"fullName":"Test Setup Validation Storage Mocks should persist data in sessionStorage","status":"passed","title":"should persist data in sessionStorage","duration":0.16269999999985885,"failureMessages":[],"location":{"line":67,"column":5},"meta":{}},{"ancestorTitles":["Test Setup Validation","Storage Mocks"],"fullName":"Test Setup Validation Storage Mocks should clear localStorage","status":"passed","title":"should clear localStorage","duration":0.125,"failureMessages":[],"location":{"line":72,"column":5},"meta":{}},{"ancestorTitles":["Test Setup Validation","Storage Mocks"],"fullName":"Test Setup Validation Storage Mocks should clear sessionStorage","status":"passed","title":"should clear sessionStorage","duration":0.2591999999995096,"failureMessages":[],"location":{"line":79,"column":5},"meta":{}},{"ancestorTitles":["Test Setup Validation","Next.js Navigation Mocks"],"fullName":"Test Setup Validation Next.js Navigation Mocks should mock Next.js navigation hooks","status":"passed","title":"should mock Next.js navigation hooks","duration":36.090799999999945,"failureMessages":[],"location":{"line":92,"column":5},"meta":{}},{"ancestorTitles":["Test Setup Validation","Next.js Navigation Mocks"],"fullName":"Test Setup Validation Next.js Navigation Mocks should provide mock router object","status":"passed","title":"should provide mock router object","duration":0.2415000000000873,"failureMessages":[],"location":{"line":101,"column":5},"meta":{}},{"ancestorTitles":["Test Setup Validation","React Testing Library"],"fullName":"Test Setup Validation React Testing Library should have jest-dom matchers available","status":"passed","title":"should have jest-dom matchers available","duration":2.0843999999997322,"failureMessages":[],"location":{"line":111,"column":5},"meta":{}},{"ancestorTitles":["Test Setup Validation","Test Isolation"],"fullName":"Test Setup Validation Test Isolation should isolate localStorage between tests","status":"passed","title":"should isolate localStorage between tests","duration":0.17849999999998545,"failureMessa
[...]
ages":[],"location":{"line":510,"column":7},"meta":{}},{"ancestorTitles":["useQuotePermissions Hook","Role-Based Permissions","SalesManager Permissions"],"fullName":"useQuotePermissions Hook Role-Based Permissions SalesManager Permissions context flags should indicate team/all access","status":"passed","title":"context flags should indicate team/all access","duration":0.44580000000041764,"failureMessages":[],"location":{"line":516,"column":7},"meta":{}},{"ancestorTitles":["useQuotePermissions Hook","Role-Based Permissions","Admin Permissions"],"fullName":"useQuotePermissions Hook Role-Based Permissions Admin Permissions Admin has all quote permissions","status":"passed","title":"Admin has all quote permissions","duration":0.5289999999995416,"failureMessages":[],"location":{"line":531,"column":7},"meta":{}},{"ancestorTitles":["useQuotePermissions Hook","Role-Based Permissions","Admin Permissions"],"fullName":"useQuotePermissions Hook Role-Based Permissions Admin Permissions Admin can delete quotes","status":"passed","title":"Admin can delete quotes","duration":0.4742999999998574,"failureMessages":[],"location":{"line":543,"column":7},"meta":{}},{"ancestorTitles":["useQuotePermissions Hook","Combined Scenarios"],"fullName":"useQuotePermissions Hook Combined Scenarios Own quote with Read status: Customer can view but not approve","status":"passed","title":"Own quote with Read status: Customer can view but not approve","duration":3.0552999999999884,"failureMessages":[],"location":{"line":556,"column":5},"meta":{}},{"ancestorTitles":["useQuotePermissions Hook","Combined Scenarios"],"fullName":"useQuotePermissions Hook Combined Scenarios Assigned Approved quote: SalesRep can convert to order","status":"passed","title":"Assigned Approved quote: SalesRep can convert to order","duration":0.5812999999998283,"failureMessages":[],"location":{"line":571,"column":5},"meta":{}},{"ancestorTitles":["useQuotePermissions Hook","Combined Scenarios"],"fullName":"useQuotePermissions Hook Combined Scenarios Unassigned Read quote: Manager can approve and assign","status":"passed","title":"Unassigned Read quote: Manager can approve and assign","duration":0.4797000000007756,"failureMessages":[],"location":{"line":586,"column":5},"meta":{}},{"ancestorTitles":["useQuotePermissions Hook","Edge Cases"],"fullName":"useQuotePermissions Hook Edge Cases should handle null quote gracefully","status":"passed","title":"should handle null quote gracefully","duration":1.0969000000004598,"failureMessages":[],"location":{"line":607,"column":5},"meta":{}},{"ancestorTitles":["useQuotePermissions Hook","Edge Cases"],"fullName":"useQuotePermissions Hook Edge Cases should handle null user gracefully","status":"passed","title":"should handle null user gracefully","duration":0.5545000000001892,"failureMessages":[],"location":{"line":622,"column":5},"meta":{}},{"ancestorTitles":["useQuotePermissions Hook","Edge Cases"],"fullName":"useQuotePermissions Hook Edge Cases should handle both null quote and user","status":"passed","title":"should handle both null quote and user","duration":0.5127000000002226,"failureMessages":[],"location":{"line":635,"column":5},"meta":{}},{"ancestorTitles":["useQuotePermissions Hook","Edge Cases"],"fullName":"useQuotePermissions Hook Edge Cases should handle quote with missing assignedSalesRepId","status":"passed","title":"should handle quote with missing assignedSalesRepId","duration":0.4958999999998923,"failureMessages":[],"location":{"line":646,"column":5},"meta":{}},{"ancestorTitles":["useQuotePermissions Hook","Edge Cases"],"fullName":"useQuotePermissions Hook Edge Cases should handle quote with missing customerId","status":"passed","title":"should handle quote with missing customerId","duration":0.46969999999964784,"failureMessages":[],"location":{"line":656,"column":5},"meta":{}}],"startTime":1766240617766,"endTime":1766240617818.4697,"status":"passed","message":"","name":"C:/Users/josep/Documents/GitHub/MedSource Pro/client/app/app/quotes/[id]/_components/hooks/__tests__/useQuotePermissions.test.ts"},{"assertionResults":[{"ancestorTitles":["useQuotePricing Hook","updatePricing","Success Scenarios"],"fullName":"useQuotePricing Hook updatePricing Success Scenarios should call submit with correct data when updating pricing","status":"passed","title":"should call submit with correct data when updating pricing","duration":12.591599999999744,"failureMessages":[],"location":{"line":240,"column":4},"meta":{}},{"ancestorTitles":["useQuotePricing Hook","updatePricing","Success Scenarios"],"fullName":"useQuotePricing Hook updatePricing Success Scenarios should return success result on successful update","status":"passed","title":"should return success result on successful update","duration":1.6368000000002212,"failureMessages":[],"location":{"line":260,"column":4},"meta":{}},{"ancestorTitles":["useQuotePricing Hook","updatePricing","Success Scenarios"],"fullName":"useQuotePricing Hook updatePricing Success Scenarios should allow updating with null vendorCost (optional field)","status":"passed","title":"should allow updating with null vendorCost (optional field)","duration":1.7461000000002969,"failureMessages":[],"location":{"line":278,"column":4},"meta":{}},{"ancestorTitles":["useQuotePricing Hook","updatePricing","Success Scenarios"],"fullName":"useQuotePricing Hook updatePricing Success Scenarios should allow updating with null customerPrice","status":"passed","title":"should allow updating with null customerPrice","duration":2.2175999999999476,"failureMessages":[],"location":{"line":298,"column":4},"meta":{}},{"ancestorTitles":["useQuotePricing Hook","updatePricing","Success Scenarios"],"fullName":"useQuotePricing Hook updatePricing Success Scenarios should allow updating both prices to null (clearing prices)","status":"passed","title":"should allow updating both prices to null (clearing prices)","duration":3.9471000000003187,"failureMessages":[],"location":{"line":318,"column":4},"meta":{}},{"ancestorTitles":["useQuotePricing Hook","updatePricing","Failure Scenarios"],"fullName":"useQuotePricing Hook updatePricing Failure Scenarios should return failure result when API call fails","status":"passed","title":"should return failure result when API call fails","duration":4.067399999999907,"failureMessages":[],"location":{"line":340,"column":4},"meta":{}},{"ancestorTitles":["useQuotePricing Hook","updatePricing","Failure Scenarios"],"fullName":"useQuotePricing Hook updatePricing Failure Scenarios should handle API rejection gracefully","status":"passed","title":"should handle API rejection gracefully","duration":2.3451999999997497,"failureMessages":[],"location":{"line":358,"column":4},"meta":{}},{"ancestorTitles":["useQuotePricing Hook","updatePricing","Loading State"],"fullName":"useQuotePricing Hook updatePricing Loading State should reflect isUpdating from useFormSubmit","status":"passed","title":"should reflect isUpdating from useFormSubmit","duration":1.0857999999998356,"failureMessages":[],"location":{"line":377,"column":4},"meta":{}},{"ancestorTitles":["useQuotePricing Hook","updatePricing","Loading State"],"fullName":"useQuotePricing Hook updatePricing Loading State should have isUpdating=false when not submitting","status":"passed","title":"should have isUpdating=false when not submitting","duration":1.9210999999995693,"failureMessages":[],"location":{"line":388,"column":4},"meta":{}},{"ancestorTitles":["useQuotePricing Hook","validatePricing","Valid Pricing Data"],"fullName":"useQuotePricing Hook validatePricing Valid Pricing Data should validate when customerPrice > vendorCost","status":"passed","title":"should validate when customerPrice > vendorCost","duration":6.086699999999837,"failureMessages":[],"location":{"line":407,"column":4},"meta":{}},{"ancestorTitles":["useQuotePricing Hook","validatePricing","Valid Pricing Data"],"fullName":"useQuotePricing Hook validatePricing Valid Pricing Data should validate when customerPrice === vendorCost (break-even)","status":"passed","title":"should validate when customerPrice === vendorCost (break-even)","duration":0.8162000000002081,"failureMessages":[],"location":{"line":421,"column":4},"meta":{}},{"ancestorTitles":["useQuotePricing Hook","validatePricing","Valid Pricing Data"],"fullName":"useQuotePricing Hook validatePricing Valid Pricing Data should validate when only customerPrice is set (vendorCost is optional)","status":"passed","title":"should validate when only customerPrice is set (vendorCost is optional)","duration":0.6904999999997017,"failureMessages":[],"location":{"line":435,"column":4},"meta":{}},{"ancestorTitles":["useQuotePricing Hook","validatePricing","Valid Pricing Data"],"fullName":"useQuotePricing Hook validatePricing Valid Pricing Data should validate when only vendorCost is set (customerPrice can be added later)","status":"passed","title":"should validate when only vendorCost is set (customerPrice can be added later)","duration":0.5460000000002765,"failureMessages":[],"location":{"line":449,"column":4},"meta":{}},{"ancestorTitles":["useQuotePricing Hook","validatePricing","Valid Pricing Data"],"fullName":"useQuotePricing Hook validatePricing Valid Pricing Data should validate when both are null (pricing not yet entered)","status":"passed","title":"should validate when both are null (pricing not yet entered)","duration":0.6836000000002969,"failureMessages":[],"location":{"line":463,"column":4},"meta":{}},{"ancestorTitles":["useQuotePricing Hook","validatePricing","Valid Pricing Data"],"fullName":"useQuotePricing Hook validatePricing Valid Pricing Data should validate zero prices (edge case - free item)","status":"passed","title":"should validate zero prices (edge case - free item)","duration":0.626100000000406,"failureMessages":[],"location":{"line":477,"column":4},"meta":{}},{"ancestorTitles":["useQuotePricing Hook","validatePricing","Valid Pricing Data"],"fullName":"useQuotePricing Hook validatePricing Valid Pricing Data should validate large prices (precision test)","status":"passed","title":"should validate large prices (precision test)","duration":0.4827000000004773,"failureMessages":[],"location":{"line":490,"column":4},"meta":{}},{"ancestorTitles":["useQuotePricing Hook","validatePricing","Valid Pricing Data"],"fullName":"useQuotePricing Hook validatePricing Valid Pricing Data should validate decimal prices with 2 decimal places","status":"passed","title":"should validate decimal prices with 2 decimal places","duration":0.5057999999999083,"failureMessages":[],"location":{"line":503,"column":4},"meta":{}},{"ancestorTitles":["useQuotePricing Hook","validatePricing","Invalid Pricing Data - Business Rule Violations"],"fullName":"useQuotePricing Hook validatePricing Invalid Pricing Data - Business Rule Violations should REJECT when customerPrice < vendorCost (negative margin)","status":"passed","title":"should REJECT when customerPrice < vendorCost (negative margin)","duration":1.2282999999997628,"failureMessages":[],"location":{"line":518,"column":4},"meta":{}},{"ancestorTitles":["useQuotePricing Hook","validatePricing","Invalid Pricing Data - Business Rule Violations"],"fullName":"useQuotePricing Hook validatePricing Invalid Pricing Data - Business Rule Violations should REJECT negative vendorCost","status":"passed","title":"should REJECT negative vendorCost","duration":0.9080999999996493,"failureMessages":[],"location":{"line":533,"column":4},"meta":{}},{"ancestorTitles":["useQuotePricing Hook","validatePricing","Invalid Pricing Data - Business Rule Violations"],"fullName":"useQuotePricing Hook validatePricing Invalid Pricing Data - Business Rule Violations should REJECT negative customerPrice","status":"passed","title":"should REJECT negative customerPrice","duration":0.6865999999999985,"failureMessages":[],"location":{"line":547,"column":4},"meta":{}},{"ancestorTitles":["useQuotePricing Hook","validatePricing","Invalid Pricing Data - Business Rule Violations"],"fullName":"useQuotePricing Hook validatePricing Invalid Pricing Data - Business Rule Violations should REJECT empty productId","status":"passed","title":"should REJECT empty productId","duration":0.5249999999996362,"failureMessages":[],"location":{"line":561,"column":4},"meta":{}},{"ancestorTitles":["useQuotePricing Hook","validatePricing","Edge Cases"],"fullName":"useQuotePricing Hook validatePricing Edge Cases should handle very small difference (1 cent margin)","status":"passed","title":"should handle very small difference (1 cent margin)","duration":0.4717000000000553,"failureMessages":[],"location":{"line":577,"column":4},"meta":{}},{"ancestorTitles":["useQuotePricing Hook","validatePricing","Edge Cases"],"fullName":"useQuotePricing Hook validatePricing Edge Cases should handle floating point edge case (0.1 + 0.2 !== 0.3)","status":"passed","title":"should handle floating point edge case (0.1 + 0.2 !== 0.3)","duration":0.620600000000195,"failureMessages":[],"location":{"line":590,"column":4},"meta":{}},{"ancestorTitles":["useQuotePricing Hook","canSendToCustomer","TRUE Scenarios - Ready to Send"],"fullName":"useQuotePricing Hook canSendToCustomer TRUE Scenarios - Ready to Send should return TRUE when all products have customerPrice > 0","status":"passed","title":"should return TRUE when all products have customerPrice > 0","duration":0.644800000000032,"failureMessages":[],"location":{"line":612,"column":4},"meta":{}},{"ancestorTitles":["useQuotePricing Hook","canSendToCustomer","TRUE Scenarios - Ready to Send"],"fullName":"useQuotePricing Hook canSendToCustomer TRUE Scenarios - Ready to Send should return TRUE for single product with customerPrice > 0","status":"passed","title":"should return TRUE for single product with customerPrice > 0","duration":0.820400000000518,"failureMessages":[],"location":{"line":619,"column":4},"meta":{}},{"ancestorTitles":["useQuotePricing Hook","canSendToCustomer","TRUE Scenarios - Ready to Send"],"fullName":"useQuotePricing Hook canSendToCustomer TRUE Scenarios - Ready to Send should return TRUE even if vendorCost is null (vendorCost is optional)","status":"passed","title":"should return TRUE even if vendorCost is null (vendorCost is optional)","duration":0.5312000000003536,"failureMessages":[],"location":{"line":634,"column":4},"meta":{}},{"ancestorTitles":["useQuotePricing Hook","canSendToCustomer","FALSE Scenarios - NOT Ready to Send"],"fullName":"useQuotePricing Hook canSendToCustomer FALSE Scenarios - NOT Ready to Send should return FALSE when ANY product has null customerPrice","status":"passed","title":"should return FALSE when ANY product has null customerPrice","duration":0.5938999999998487,"failureMessages":[],"location":{"line":651,"column":4},"meta":{}},{"ancestorTitles":["useQuotePricing Hook","canSendToCustomer","FALSE Scenarios - NOT Ready to Send"],"fullName":"useQuotePricing Hook canSendToCustomer FALSE Scenarios - NOT Ready to Send should return FALSE when ALL products have null customerPrice","status":"passed","title":"should return FALSE when ALL products have null customerPrice","duration":0.4823999999998705,"failureMessages":[],"location":{"line":658,"column":4},"meta":{}},{"ancestorTitles":["useQuotePricing Hook","canSendToCustomer","FALSE Scenarios - NOT Ready to Send"],"fullName":"useQuotePricing Hook canSendToCustomer FALSE Scenarios - NOT Ready to Send should return FALSE when ANY product has customerPrice === 0","status":"passed","title":"should return FALSE when ANY product has customerPrice === 0","duration":0.47489999999925203,"failureMessages":[],"location":{"line":665,"column":4},"meta":{}},{"ancestorTitles":["useQuotePricing Hook","canSendToCustomer","FALSE Scenarios - NOT Ready to Send"],"fullName":"useQuotePricing Hook canSendToCustomer FALSE Scenarios - NOT Ready to Send should return FALSE when products array is empty","status":"passed","title":"should return FALSE when products array is empty","duration":0.45719999999982974,"failureMessages":[],"location":{"line":672,"column":4},"meta":{}},{"ancestorTitles":["useQuotePricing Hook","canSendToCustomer","FALSE Scenarios - NOT Ready to Send"],"fullName":"useQuotePricing Hook canSendToCustomer FALSE Scenarios - NOT Ready to Send should return FALSE when quote is null","status":"passed","title":"should return FALSE when quote is null","duration":0.4169000000001688,"failureMessages":[],"location":{"line":679,"column":4},"meta":{}},{"ancestorTitles":["useQuotePricing Hook","canSendToCustomer","FALSE Scenarios - NOT Ready to Send"],"fullName":"useQuotePricing Hook canSendToCustomer FALSE Scenarios - NOT Ready to Send should return FALSE when quote.products is undefined","status":"passed","title":"should return FALSE when quote.products is undefined","duration":0.4916000000002896,"failureMessages":[],"location":{"line":685,"column":4},"meta":{}},{"ancestorTitles":["useQuotePricing Hook","canSendToCustomer","Mixed Scenarios"],"fullName":"useQuotePricing Hook canSendToCustomer Mixed Scenarios should check ALL products, not just first","status":"passed","title":"should check ALL products, not just first","duration":0.7109000000000378,"failureMessages":[],"location":{"line":694,"column":4},"meta":{}},{"ancestorTitles":["useQuotePricing Hook","canSendToCustomer","Mixed Scenarios"],"fullName":"useQuotePricing Hook canSendToCustomer Mixed Scenarios should check ALL products, not just last","status":"passed","title":"should check ALL products, not just last","duration":0.7838000000001557,"failureMessages":[],"location":{"line":714,"column":4},"meta":{}},{"ancestorTitles":["useQuotePricing Hook","Edge Cases"],"fullName":"useQuotePricing Hook Edge Cases should handle null quote gracefully","status":"passed","title":"should handle null quote gracefully","duration":0.6622999999999593,"failureMessages":[],"location":{"line":741,"column":3},"meta":{}},{"ancestorTitles":["useQuotePricing Hook","Edge Cases"],"fullName":"useQuotePricing Hook Edge Cases should handle quote without id","status":"passed","title":"should handle quote without id","duration":0.4628999999995358,"failureMessages":[],"location":{"line":749,"column":3},"meta":{}},{"ancestorTitles":["useQuotePricing Hook","Edge Cases"],"fullName":"useQuotePricing Hook Edge Cases should call onRefresh after successful update","status":"passed","title":"should call onRefresh after successful update","duration":0.5838999999996304,"failureMessages":[],"location":{"line":756,"column":3},"meta":{}},{"ancestorTitles":["useQuotePricing Hook","Edge Cases"],"fullName":"useQuotePricing Hook Edge Cases should not crash when onRefresh is undefined","status":"passed","title":"should not crash when onRefresh is undefined","duration":0.9459999999999127,"failureMessages":[],"location":{"line":778,"column":3},"meta":{}},{"ancestorTitles":["useQuotePricing Hook","Edge Cases"],"fullName":"useQuotePricing Hook Edge Cases should configure useFormSubmit with correct options","status":"passed","title":"should configure useFormSubmit with correct options","duration":1.5115999999998166,"failureMessages":[],"location":{"line":797,"column":3},"meta":{}},{"ancestorTitles":["useQuotePricing Hook","Quote Status Awareness"],"fullName":"useQuotePricing Hook Quote Status Awareness should work with Read status quotes","status":"passed","title":"should work with Read status quotes","duration":0.605399999999463,"failureMessages":[],"location":{"line":822,"column":3},"meta":{}},{"ancestorTitles":["useQuotePricing Hook","Quote Status Awareness"],"fullName":"useQuotePricing Hook Quote Status Awareness should work with any quote status (status check is at component level)","status":"passed","title":"should work with any quote status (status check is at component level)","duration":0.48700000000008004,"failureMessages":[],"location":{"line":829,"column":3},"meta":{}}],"startTime":1766240617964,"endTime":1766240618023.487,"status":"passed","message":"","name":"C:/Users/josep/Documents/GitHub/MedSource Pro/client/app/app/quotes/[id]/_components/hooks/__tests__/useQuotePricing.test.ts"}]}